2025-06-20 00:21:10,830 - __main__ - INFO - Starting Radiochromic Film Analyzer
2025-06-20 00:21:10,875 - app.rc_analyzer - INFO - Initializing RCAnalyzer application
2025-06-20 00:21:10,881 - app.rc_analyzer - INFO - Cleaned up local temp directory: C:\Users\Pablo\OneDrive - UAM\2 Proyectos\1 Otros\0 Software_propio_utilidades\RC\analizadorrc\temp
2025-06-20 00:21:10,881 - app.rc_analyzer - INFO - Cleaned up log and temporary files
2025-06-20 00:21:10,882 - app.utils.config_manager - INFO - Configuration manager initialized
2025-06-20 00:21:10,882 - app.utils.config_manager - INFO - Configuration loaded from file
2025-06-20 00:21:10,898 - app.core.image_processor - INFO - System info: {'platform': 'Windows', 'processor': 'AMD64 Family 23 Model 113 Stepping 0, AuthenticAMD', 'cpu_count': 12, 'memory_gb': 31.94003677368164, 'python_version': '3.12.0', 'opencv_version': '4.11.0'}
2025-06-20 00:21:10,899 - app.core.image_processor - WARNING - CUDA test matrix creation failed: OpenCV(4.11.0) D:\a\opencv-python\opencv-python\opencv\modules\core\include\opencv2/core/private.cuda.hpp:106: error: (-216:No CUDA support) The library is compiled without CUDA support in function 'throw_no_cuda'

2025-06-20 00:21:10,899 - app.core.image_processor - WARNING - Alternative CUDA test failed: OpenCV(4.11.0) :-1: error: (-5:Bad argument) in function 'createGpuMatFromCudaMemory'
> Overload resolution failed:
>  - createGpuMatFromCudaMemory() missing required argument 'type' (pos 3)
>  - createGpuMatFromCudaMemory() missing required argument 'cudaMemoryAddress' (pos 3)

2025-06-20 00:21:10,990 - app.core.image_processor - INFO - NVIDIA GPU detected: nvidia quadro p600
2025-06-20 00:21:10,990 - app.core.image_processor - INFO - CUDA initialization failed. Setting GPU as available but with warning.
2025-06-20 00:21:10,990 - app.core.image_processor - INFO - To fix CUDA issues, try:
2025-06-20 00:21:10,990 - app.core.image_processor - INFO - 1. Install the latest NVIDIA drivers
2025-06-20 00:21:10,990 - app.core.image_processor - INFO - 2. Install CUDA toolkit compatible with your GPU
2025-06-20 00:21:10,990 - app.core.image_processor - INFO - 3. Use 'Force enable GPU' option in settings
2025-06-20 00:21:10,990 - app.core.image_processor - INFO - GPU acceleration available. Enabled: False
2025-06-20 00:21:10,990 - app.core.image_processor - INFO - Image processor initialized
2025-06-20 00:21:10,990 - app.utils.file_manager - INFO - File manager initialized
2025-06-20 00:21:11,001 - app.plugins.plugin_manager - INFO - Loaded plugin 'auto_measurements'
2025-06-20 00:21:11,011 - app.ui.image_panel - INFO - Image panel initialized
2025-06-20 00:21:11,029 - app.ui.measurement_panel - INFO - Measurement panel initialized
2025-06-20 00:21:11,043 - app.ui.image_settings_panel - INFO - Image settings panel initialized
2025-06-20 00:21:11,069 - app.ui.main_window - INFO - Main window initialized
2025-06-20 00:21:11,069 - app.rc_analyzer - INFO - RCAnalyzer initialization complete
2025-06-20 00:21:22,981 - app.rc_analyzer - INFO - Saving configuration before exit
2025-06-20 00:21:22,983 - app.utils.config_manager - INFO - Configuration saved to file
2025-06-20 00:21:22,987 - app.rc_analyzer - INFO - Cleaned up local temp directory: C:\Users\Pablo\OneDrive - UAM\2 Proyectos\1 Otros\0 Software_propio_utilidades\RC\analizadorrc\temp
2025-06-20 00:21:22,987 - app.rc_analyzer - INFO - Cleaned up log and temporary files
2025-06-20 00:21:23,071 - __main__ - INFO - Application closed normally
