2025-06-23 02:55:46,962 - __main__ - INFO - Starting Radiochromic Film Analyzer
2025-06-23 02:55:47,015 - app.rc_analyzer - INFO - Initializing RCAnalyzer application
2025-06-23 02:55:47,021 - app.rc_analyzer - INFO - Cleaned up local temp directory: C:\Users\Pablo\OneDrive - UAM\2 Proyectos\1 Otros\0 Software_propio_utilidades\RC\analizadorrc\temp
2025-06-23 02:55:47,021 - app.rc_analyzer - INFO - Cleaned up log and temporary files
2025-06-23 02:55:47,021 - app.utils.config_manager - INFO - Configuration manager initialized
2025-06-23 02:55:47,022 - app.utils.config_manager - INFO - Configuration loaded from file
2025-06-23 02:55:47,040 - app.core.image_processor - INFO - System info: {'platform': 'Windows', 'processor': 'AMD64 Family 23 Model 113 Stepping 0, AuthenticAMD', 'cpu_count': 12, 'memory_gb': 31.94003677368164, 'python_version': '3.12.0', 'opencv_version': '4.11.0'}
2025-06-23 02:55:47,042 - app.core.image_processor - WARNING - CUDA not available, skipping GPU initialization
2025-06-23 02:55:47,042 - app.core.image_processor - INFO - Image processor initialized
2025-06-23 02:55:47,043 - app.utils.file_manager - INFO - File manager initialized
2025-06-23 02:55:47,081 - app.plugins.plugin_manager - INFO - Loaded plugin 'auto_measurements'
2025-06-23 02:55:47,099 - app.ui.image_panel - INFO - Image panel initialized
2025-06-23 02:55:47,123 - app.ui.measurement_panel - INFO - Measurement panel initialized
2025-06-23 02:55:47,137 - app.ui.image_settings_panel - INFO - Image settings panel initialized
2025-06-23 02:55:47,334 - app.ui.main_window - INFO - Main window initialized
2025-06-23 02:55:47,335 - app.rc_analyzer - INFO - RCAnalyzer initialization complete
2025-06-23 02:55:50,842 - app.ui.main_window - INFO - Loading image: C:\Users\Pablo\OneDrive - UAM\4 Protonterapia\1 Experimentos\1 Experimentos\2025_05_06_PT\scans_070525\RC1_2_3.tiff (Size: 14.94 MB)
2025-06-23 02:55:50,980 - app.core.image_processor - INFO - Loading image: C:\Users\Pablo\OneDrive - UAM\4 Protonterapia\1 Experimentos\1 Experimentos\2025_05_06_PT\scans_070525\RC1_2_3.tiff, size: 2550x3510
2025-06-23 02:55:50,986 - app.core.image_processor - INFO - Computing integral images for fast statistics
2025-06-23 02:55:51,118 - app.core.image_processor - INFO - Integral images computed successfully
2025-06-23 02:55:51,124 - app.core.image_processor - INFO - Loaded image: C:\Users\Pablo\OneDrive - UAM\4 Protonterapia\1 Experimentos\1 Experimentos\2025_05_06_PT\scans_070525\RC1_2_3.tiff
2025-06-23 02:55:52,012 - app.core.image_processor - INFO - Computing integral images for fast statistics
2025-06-23 02:55:52,171 - app.core.image_processor - INFO - Integral images computed successfully
2025-06-23 02:55:52,172 - app.core.image_processor - INFO - Calibration applied successfully – dose image ready (3-channel float32)
2025-06-23 02:55:52,199 - app.ui.main_window - INFO - Loaded image: C:\Users\Pablo\OneDrive - UAM\4 Protonterapia\1 Experimentos\1 Experimentos\2025_05_06_PT\scans_070525\RC1_2_3.tiff
2025-06-23 02:55:52,704 - root - INFO - Unit Conversion Update initiated.
2025-06-23 02:55:52,704 - root - INFO - Metadata usage enabled.
2025-06-23 02:55:52,704 - root - INFO - No stored resolution found, attempting to detect new.
2025-06-23 02:55:53,067 - root - INFO - Auto-detected resolution from PIL_dpi: 299.999 DPI
2025-06-23 02:55:53,067 - root - INFO - New resolution stored: 300.00 DPI
2025-06-23 02:55:53,067 - root - INFO - Unit Conversion Update complete.

2025-06-23 02:55:53,067 - root - INFO - Unit Conversion Update complete.

2025-06-23 02:55:53,544 - root - INFO - Unit Conversion Update initiated.
2025-06-23 02:55:53,545 - root - INFO - Metadata usage disabled.
2025-06-23 02:55:53,546 - root - INFO - Stored resolution cleared.
2025-06-23 02:55:53,546 - root - INFO - Unit Conversion Update complete.

2025-06-23 02:55:53,546 - root - INFO - Unit Conversion Update complete.

2025-06-23 02:55:58,163 - root - INFO - Unit Conversion Update initiated.
2025-06-23 02:55:58,163 - root - INFO - Metadata usage enabled.
2025-06-23 02:55:58,163 - root - INFO - No stored resolution found, attempting to detect new.
2025-06-23 02:55:58,434 - root - INFO - Auto-detected resolution from PIL_dpi: 299.999 DPI
2025-06-23 02:55:58,437 - root - INFO - New resolution stored: 300.00 DPI
2025-06-23 02:55:58,437 - root - INFO - Unit Conversion Update complete.

2025-06-23 02:55:58,437 - root - INFO - Unit Conversion Update complete.

2025-06-23 02:56:00,127 - root - INFO - Unit Conversion Update initiated.
2025-06-23 02:56:00,127 - root - INFO - Metadata usage disabled.
2025-06-23 02:56:00,128 - root - INFO - Stored resolution cleared.
2025-06-23 02:56:00,128 - root - INFO - Unit Conversion Update complete.

2025-06-23 02:56:00,128 - root - INFO - Unit Conversion Update complete.

2025-06-23 02:56:02,392 - root - INFO - Unit Conversion Update initiated.
2025-06-23 02:56:02,392 - root - INFO - Metadata usage enabled.
2025-06-23 02:56:02,394 - root - INFO - No stored resolution found, attempting to detect new.
2025-06-23 02:56:02,665 - root - INFO - Auto-detected resolution from PIL_dpi: 299.999 DPI
2025-06-23 02:56:02,665 - root - INFO - New resolution stored: 300.00 DPI
2025-06-23 02:56:02,666 - root - INFO - Unit Conversion Update complete.

2025-06-23 02:56:02,666 - root - INFO - Unit Conversion Update complete.

2025-06-23 02:56:03,057 - root - INFO - Unit Conversion Update initiated.
2025-06-23 02:56:03,058 - root - INFO - Metadata usage disabled.
2025-06-23 02:56:03,058 - root - INFO - Stored resolution cleared.
2025-06-23 02:56:03,059 - root - INFO - Unit Conversion Update complete.

2025-06-23 02:56:03,059 - root - INFO - Unit Conversion Update complete.

2025-06-23 02:56:05,645 - root - INFO - Unit Conversion Update initiated.
2025-06-23 02:56:05,645 - root - INFO - Metadata usage enabled.
2025-06-23 02:56:05,646 - root - INFO - No stored resolution found, attempting to detect new.
2025-06-23 02:56:05,925 - root - INFO - Auto-detected resolution from PIL_dpi: 299.999 DPI
2025-06-23 02:56:05,925 - root - INFO - New resolution stored: 300.00 DPI
2025-06-23 02:56:05,925 - root - INFO - Unit Conversion Update complete.

2025-06-23 02:56:05,925 - root - INFO - Unit Conversion Update complete.

2025-06-23 02:56:09,272 - root - INFO - Unit Conversion Update initiated.
2025-06-23 02:56:09,272 - root - INFO - Metadata usage disabled.
2025-06-23 02:56:09,273 - root - INFO - Stored resolution cleared.
2025-06-23 02:56:09,273 - root - INFO - Unit Conversion Update complete.

2025-06-23 02:56:09,273 - root - INFO - Unit Conversion Update complete.

2025-06-23 02:56:10,974 - root - INFO - Unit Conversion Update initiated.
2025-06-23 02:56:10,976 - root - INFO - Metadata usage enabled.
2025-06-23 02:56:10,976 - root - INFO - No stored resolution found, attempting to detect new.
2025-06-23 02:56:11,255 - root - INFO - Auto-detected resolution from PIL_dpi: 299.999 DPI
2025-06-23 02:56:11,255 - root - INFO - New resolution stored: 300.00 DPI
2025-06-23 02:56:11,257 - root - INFO - Unit Conversion Update complete.

2025-06-23 02:56:11,257 - root - INFO - Unit Conversion Update complete.

2025-06-23 02:56:12,452 - root - INFO - Unit Conversion Update initiated.
2025-06-23 02:56:12,452 - root - INFO - Metadata usage disabled.
2025-06-23 02:56:12,452 - root - INFO - Stored resolution cleared.
2025-06-23 02:56:12,453 - root - INFO - Unit Conversion Update complete.

2025-06-23 02:56:12,453 - root - INFO - Unit Conversion Update complete.

2025-06-23 02:56:13,022 - root - INFO - Unit Conversion Update initiated.
2025-06-23 02:56:13,022 - root - INFO - Metadata usage enabled.
2025-06-23 02:56:13,022 - root - INFO - No stored resolution found, attempting to detect new.
2025-06-23 02:56:13,296 - root - INFO - Auto-detected resolution from PIL_dpi: 299.999 DPI
2025-06-23 02:56:13,299 - root - INFO - New resolution stored: 300.00 DPI
2025-06-23 02:56:13,299 - root - INFO - Unit Conversion Update complete.

2025-06-23 02:56:13,299 - root - INFO - Unit Conversion Update complete.

2025-06-23 02:56:20,305 - root - INFO - Unit Conversion Update initiated.
2025-06-23 02:56:20,305 - root - INFO - Metadata usage disabled.
2025-06-23 02:56:20,387 - root - INFO - Stored resolution cleared.
2025-06-23 02:56:20,388 - root - INFO - Unit Conversion Update complete.

2025-06-23 02:56:20,388 - root - INFO - Unit Conversion Update complete.

