2025-06-23 02:53:13,292 - __main__ - INFO - Starting Radiochromic Film Analyzer
2025-06-23 02:53:13,347 - app.rc_analyzer - INFO - Initializing RCAnalyzer application
2025-06-23 02:53:13,352 - app.rc_analyzer - INFO - Cleaned up local temp directory: C:\Users\Pablo\OneDrive - UAM\2 Proyectos\1 Otros\0 Software_propio_utilidades\RC\analizadorrc\temp
2025-06-23 02:53:13,352 - app.rc_analyzer - INFO - Cleaned up log and temporary files
2025-06-23 02:53:13,352 - app.utils.config_manager - INFO - Configuration manager initialized
2025-06-23 02:53:13,354 - app.utils.config_manager - INFO - Configuration loaded from file
2025-06-23 02:53:13,371 - app.core.image_processor - INFO - System info: {'platform': 'Windows', 'processor': 'AMD64 Family 23 Model 113 Stepping 0, AuthenticAMD', 'cpu_count': 12, 'memory_gb': 31.94003677368164, 'python_version': '3.12.0', 'opencv_version': '4.11.0'}
2025-06-23 02:53:13,371 - app.core.image_processor - WARNING - CUDA not available, skipping GPU initialization
2025-06-23 02:53:13,371 - app.core.image_processor - INFO - Image processor initialized
2025-06-23 02:53:13,371 - app.utils.file_manager - INFO - File manager initialized
2025-06-23 02:53:13,412 - app.plugins.plugin_manager - INFO - Loaded plugin 'auto_measurements'
2025-06-23 02:53:13,429 - app.ui.image_panel - INFO - Image panel initialized
2025-06-23 02:53:13,446 - app.ui.measurement_panel - INFO - Measurement panel initialized
2025-06-23 02:53:13,457 - app.ui.image_settings_panel - INFO - Image settings panel initialized
2025-06-23 02:53:13,649 - app.ui.main_window - INFO - Main window initialized
2025-06-23 02:53:13,649 - app.rc_analyzer - INFO - RCAnalyzer initialization complete
2025-06-23 02:53:18,114 - app.ui.main_window - INFO - Loading image: C:\Users\Pablo\OneDrive - UAM\4 Protonterapia\1 Experimentos\1 Experimentos\2025_05_28_Coimbra\Scans_29May\RC_CMAM\4_Ext_CMAM.tiff (Size: 14.69 MB)
2025-06-23 02:53:18,254 - app.core.image_processor - INFO - Loading image: C:\Users\Pablo\OneDrive - UAM\4 Protonterapia\1 Experimentos\1 Experimentos\2025_05_28_Coimbra\Scans_29May\RC_CMAM\4_Ext_CMAM.tiff, size: 2550x3510
2025-06-23 02:53:18,260 - app.core.image_processor - INFO - Computing integral images for fast statistics
2025-06-23 02:53:18,397 - app.core.image_processor - INFO - Integral images computed successfully
2025-06-23 02:53:18,401 - app.core.image_processor - INFO - Loaded image: C:\Users\Pablo\OneDrive - UAM\4 Protonterapia\1 Experimentos\1 Experimentos\2025_05_28_Coimbra\Scans_29May\RC_CMAM\4_Ext_CMAM.tiff
2025-06-23 02:53:19,312 - app.core.image_processor - INFO - Computing integral images for fast statistics
2025-06-23 02:53:19,493 - app.core.image_processor - INFO - Integral images computed successfully
2025-06-23 02:53:19,495 - app.core.image_processor - INFO - Calibration applied successfully – dose image ready (3-channel float32)
2025-06-23 02:53:19,523 - app.ui.main_window - INFO - Loaded image: C:\Users\Pablo\OneDrive - UAM\4 Protonterapia\1 Experimentos\1 Experimentos\2025_05_28_Coimbra\Scans_29May\RC_CMAM\4_Ext_CMAM.tiff
2025-06-23 02:53:20,984 - root - INFO - Unit Conversion Update initiated.
2025-06-23 02:53:20,984 - root - INFO - Metadata usage enabled.
2025-06-23 02:53:20,984 - root - INFO - No stored resolution found, attempting to detect new.
2025-06-23 02:53:21,325 - root - INFO - Auto-detected resolution from PIL_dpi: 299.999 DPI
2025-06-23 02:53:21,325 - root - INFO - New resolution stored: 300.00 DPI
2025-06-23 02:53:21,325 - root - INFO - Unit Conversion Update complete.

2025-06-23 02:53:21,325 - root - INFO - Unit Conversion Update complete.

2025-06-23 02:53:21,908 - root - INFO - Unit Conversion Update initiated.
2025-06-23 02:53:21,908 - root - INFO - Metadata usage disabled.
2025-06-23 02:53:21,910 - root - INFO - Stored resolution cleared.
2025-06-23 02:53:21,910 - root - INFO - Unit Conversion Update complete.

2025-06-23 02:53:21,910 - root - INFO - Unit Conversion Update complete.

2025-06-23 02:53:22,443 - root - INFO - Unit Conversion Update initiated.
2025-06-23 02:53:22,443 - root - INFO - Metadata usage enabled.
2025-06-23 02:53:22,443 - root - INFO - No stored resolution found, attempting to detect new.
2025-06-23 02:53:22,738 - root - INFO - Auto-detected resolution from PIL_dpi: 299.999 DPI
2025-06-23 02:53:22,738 - root - INFO - New resolution stored: 300.00 DPI
2025-06-23 02:53:22,738 - root - INFO - Unit Conversion Update complete.

2025-06-23 02:53:22,738 - root - INFO - Unit Conversion Update complete.

2025-06-23 02:53:23,263 - root - INFO - Unit Conversion Update initiated.
2025-06-23 02:53:23,264 - root - INFO - Metadata usage disabled.
2025-06-23 02:53:23,264 - root - INFO - Stored resolution cleared.
2025-06-23 02:53:23,264 - root - INFO - Unit Conversion Update complete.

2025-06-23 02:53:23,264 - root - INFO - Unit Conversion Update complete.

2025-06-23 02:53:26,023 - app.rc_analyzer - INFO - Saving configuration before exit
2025-06-23 02:53:26,023 - app.utils.config_manager - INFO - Configuration saved to file
2025-06-23 02:53:26,028 - app.rc_analyzer - INFO - Cleaned up local temp directory: C:\Users\Pablo\OneDrive - UAM\2 Proyectos\1 Otros\0 Software_propio_utilidades\RC\analizadorrc\temp
2025-06-23 02:53:26,029 - app.rc_analyzer - INFO - Cleaned up log and temporary files
2025-06-23 02:53:26,138 - __main__ - INFO - Application closed normally
