2025-06-15 21:51:35,903 - __main__ - INFO - Starting Radiochromic Film Analyzer
2025-06-15 21:51:35,950 - app.rc_analyzer - INFO - Initializing RCAnalyzer application
2025-06-15 21:51:35,954 - app.rc_analyzer - INFO - Cleaned up local temp directory: C:\Users\Pablo\OneDrive - UAM\2 Proyectos\1 Otros\0 Software_propio_utilidades\RC\analizadorrc\temp
2025-06-15 21:51:35,954 - app.rc_analyzer - INFO - Cleaned up log and temporary files
2025-06-15 21:51:35,954 - app.utils.config_manager - INFO - Configuration manager initialized
2025-06-15 21:51:35,955 - app.utils.config_manager - INFO - Configuration loaded from file
2025-06-15 21:51:35,970 - app.core.image_processor - INFO - System info: {'platform': 'Windows', 'processor': 'AMD64 Family 23 Model 113 Stepping 0, AuthenticAMD', 'cpu_count': 12, 'memory_gb': 31.94003677368164, 'python_version': '3.12.0', 'opencv_version': '4.11.0'}
2025-06-15 21:51:35,970 - app.core.image_processor - WARNING - CUDA test matrix creation failed: OpenCV(4.11.0) D:\a\opencv-python\opencv-python\opencv\modules\core\include\opencv2/core/private.cuda.hpp:106: error: (-216:No CUDA support) The library is compiled without CUDA support in function 'throw_no_cuda'

2025-06-15 21:51:35,970 - app.core.image_processor - WARNING - Alternative CUDA test failed: OpenCV(4.11.0) :-1: error: (-5:Bad argument) in function 'createGpuMatFromCudaMemory'
> Overload resolution failed:
>  - createGpuMatFromCudaMemory() missing required argument 'type' (pos 3)
>  - createGpuMatFromCudaMemory() missing required argument 'cudaMemoryAddress' (pos 3)

2025-06-15 21:51:36,060 - app.core.image_processor - INFO - NVIDIA GPU detected: nvidia quadro p600
2025-06-15 21:51:36,060 - app.core.image_processor - INFO - CUDA initialization failed. Setting GPU as available but with warning.
2025-06-15 21:51:36,060 - app.core.image_processor - INFO - To fix CUDA issues, try:
2025-06-15 21:51:36,060 - app.core.image_processor - INFO - 1. Install the latest NVIDIA drivers
2025-06-15 21:51:36,060 - app.core.image_processor - INFO - 2. Install CUDA toolkit compatible with your GPU
2025-06-15 21:51:36,061 - app.core.image_processor - INFO - 3. Use 'Force enable GPU' option in settings
2025-06-15 21:51:36,061 - app.core.image_processor - INFO - GPU acceleration available. Enabled: False
2025-06-15 21:51:36,061 - app.core.image_processor - INFO - Image processor initialized
2025-06-15 21:51:36,062 - app.utils.file_manager - INFO - File manager initialized
2025-06-15 21:51:36,071 - app.plugins.plugin_manager - INFO - Loaded plugin 'auto_measurements'
2025-06-15 21:51:36,083 - app.ui.image_panel - INFO - Image panel initialized
2025-06-15 21:51:36,096 - app.ui.measurement_panel - INFO - Measurement panel initialized
2025-06-15 21:51:36,103 - app.ui.image_settings_panel - INFO - Image settings panel initialized
2025-06-15 21:51:36,115 - app.ui.main_window - INFO - Main window initialized
2025-06-15 21:51:36,115 - app.rc_analyzer - INFO - RCAnalyzer initialization complete
2025-06-15 21:51:41,061 - app.ui.main_window - INFO - Loading image: C:\Users\Pablo\OneDrive - UAM\4 Protonterapia\1 Experimentos\1 Experimentos\2025_05_06_PT\scans_070525\RC14int_14ext.tiff (Size: 14.76 MB)
2025-06-15 21:51:41,193 - app.core.image_processor - INFO - Loading image: C:\Users\Pablo\OneDrive - UAM\4 Protonterapia\1 Experimentos\1 Experimentos\2025_05_06_PT\scans_070525\RC14int_14ext.tiff, size: 2550x3510
2025-06-15 21:51:41,198 - app.core.image_processor - INFO - Computing integral images for fast statistics
2025-06-15 21:51:41,342 - app.core.image_processor - INFO - Integral images computed successfully
2025-06-15 21:51:41,344 - app.core.image_processor - INFO - Loaded image: C:\Users\Pablo\OneDrive - UAM\4 Protonterapia\1 Experimentos\1 Experimentos\2025_05_06_PT\scans_070525\RC14int_14ext.tiff
2025-06-15 21:51:42,367 - app.core.image_processor - INFO - Computing integral images for fast statistics
2025-06-15 21:51:42,555 - app.core.image_processor - INFO - Integral images computed successfully
2025-06-15 21:51:42,555 - app.core.image_processor - INFO - Calibration applied successfully – dose image ready (3-channel float32)
2025-06-15 21:51:42,579 - app.ui.main_window - INFO - Loaded image: C:\Users\Pablo\OneDrive - UAM\4 Protonterapia\1 Experimentos\1 Experimentos\2025_05_06_PT\scans_070525\RC14int_14ext.tiff
