2025-06-23 02:50:53,013 - __main__ - INFO - Starting Radiochromic Film Analyzer
2025-06-23 02:50:53,063 - app.rc_analyzer - INFO - Initializing RCAnalyzer application
2025-06-23 02:50:53,069 - app.rc_analyzer - INFO - Cleaned up local temp directory: C:\Users\Pablo\OneDrive - UAM\2 Proyectos\1 Otros\0 Software_propio_utilidades\RC\analizadorrc\temp
2025-06-23 02:50:53,069 - app.rc_analyzer - INFO - Cleaned up log and temporary files
2025-06-23 02:50:53,069 - app.utils.config_manager - INFO - Configuration manager initialized
2025-06-23 02:50:53,070 - app.utils.config_manager - INFO - Configuration loaded from file
2025-06-23 02:50:53,090 - app.core.image_processor - INFO - System info: {'platform': 'Windows', 'processor': 'AMD64 Family 23 Model 113 Stepping 0, AuthenticAMD', 'cpu_count': 12, 'memory_gb': 31.94003677368164, 'python_version': '3.12.0', 'opencv_version': '4.11.0'}
2025-06-23 02:50:53,091 - app.core.image_processor - WARNING - CUDA not available, skipping GPU initialization
2025-06-23 02:50:53,091 - app.core.image_processor - INFO - Image processor initialized
2025-06-23 02:50:53,091 - app.utils.file_manager - INFO - File manager initialized
2025-06-23 02:50:53,134 - app.plugins.plugin_manager - INFO - Loaded plugin 'auto_measurements'
2025-06-23 02:50:53,159 - app.ui.image_panel - INFO - Image panel initialized
2025-06-23 02:50:53,181 - app.ui.measurement_panel - INFO - Measurement panel initialized
2025-06-23 02:50:53,193 - app.ui.image_settings_panel - INFO - Image settings panel initialized
2025-06-23 02:50:53,399 - app.ui.main_window - INFO - Main window initialized
2025-06-23 02:50:53,399 - app.rc_analyzer - INFO - RCAnalyzer initialization complete
2025-06-23 02:50:55,980 - app.ui.main_window - INFO - Loading image: C:\Users\Pablo\OneDrive - UAM\4 Protonterapia\1 Experimentos\1 Experimentos\2025_05_28_Coimbra\Scans_29May\RC_CMAM\4_Ext_CMAM.tiff (Size: 14.69 MB)
2025-06-23 02:50:56,115 - app.core.image_processor - INFO - Loading image: C:\Users\Pablo\OneDrive - UAM\4 Protonterapia\1 Experimentos\1 Experimentos\2025_05_28_Coimbra\Scans_29May\RC_CMAM\4_Ext_CMAM.tiff, size: 2550x3510
2025-06-23 02:50:56,120 - app.core.image_processor - INFO - Computing integral images for fast statistics
2025-06-23 02:50:56,251 - app.core.image_processor - INFO - Integral images computed successfully
2025-06-23 02:50:56,254 - app.core.image_processor - INFO - Loaded image: C:\Users\Pablo\OneDrive - UAM\4 Protonterapia\1 Experimentos\1 Experimentos\2025_05_28_Coimbra\Scans_29May\RC_CMAM\4_Ext_CMAM.tiff
2025-06-23 02:50:57,127 - app.core.image_processor - INFO - Computing integral images for fast statistics
2025-06-23 02:50:57,304 - app.core.image_processor - INFO - Integral images computed successfully
2025-06-23 02:50:57,307 - app.core.image_processor - INFO - Calibration applied successfully – dose image ready (3-channel float32)
2025-06-23 02:50:57,335 - app.ui.main_window - INFO - Loaded image: C:\Users\Pablo\OneDrive - UAM\4 Protonterapia\1 Experimentos\1 Experimentos\2025_05_28_Coimbra\Scans_29May\RC_CMAM\4_Ext_CMAM.tiff
