2025-06-22 21:15:21,284 - __main__ - INFO - Starting Radiochromic Film Analyzer
2025-06-22 21:15:21,336 - app.rc_analyzer - INFO - Initializing RCAnalyzer application
2025-06-22 21:15:21,340 - app.rc_analyzer - INFO - Cleaned up local temp directory: C:\Users\Pablo\OneDrive - UAM\2 Proyectos\1 Otros\0 Software_propio_utilidades\RC\analizadorrc\temp
2025-06-22 21:15:21,340 - app.rc_analyzer - INFO - Cleaned up log and temporary files
2025-06-22 21:15:21,341 - app.utils.config_manager - INFO - Configuration manager initialized
2025-06-22 21:15:21,341 - app.utils.config_manager - INFO - Configuration loaded from file
2025-06-22 21:15:21,359 - app.core.image_processor - INFO - System info: {'platform': 'Windows', 'processor': 'AMD64 Family 23 Model 113 Stepping 0, AuthenticAMD', 'cpu_count': 12, 'memory_gb': 31.94003677368164, 'python_version': '3.12.0', 'opencv_version': '4.11.0'}
2025-06-22 21:15:21,359 - app.core.image_processor - WARNING - CUDA not available, skipping GPU initialization
2025-06-22 21:15:21,359 - app.core.image_processor - INFO - Image processor initialized
2025-06-22 21:15:21,360 - app.utils.file_manager - INFO - File manager initialized
2025-06-22 21:15:21,397 - app.plugins.plugin_manager - INFO - Loaded plugin 'auto_measurements'
2025-06-22 21:15:21,414 - app.ui.image_panel - INFO - Image panel initialized
2025-06-22 21:15:21,432 - app.ui.measurement_panel - INFO - Measurement panel initialized
2025-06-22 21:15:21,440 - app.ui.image_settings_panel - INFO - Image settings panel initialized
2025-06-22 21:15:21,441 - app.plugins.plugin_manager - ERROR - Plugin 'auto_measurements' setup failed: 'AutoMeasurementsTab' object has no attribute '_update_unit_conversion'
Traceback (most recent call last):
  File "C:\Users\Pablo\OneDrive - UAM\2 Proyectos\1 Otros\0 Software_propio_utilidades\RC\analizadorrc\app\plugins\plugin_manager.py", line 127, in _enable_plugin_ui
    frame = mod.setup(self._main_window, self._notebook, self._image_processor)
            ^^^^^^^^^^^^^^^^^^^^^^^^^^^^^^^^^^^^^^^^^^^^^^^^^^^^^^^^^^^^^^^^^^^
  File "C:\Users\Pablo\OneDrive - UAM\2 Proyectos\1 Otros\0 Software_propio_utilidades\RC\analizadorrc\custom_plugins\auto_measurements.py", line 32, in setup
    return AutoMeasurementsTab(main_window, notebook, image_processor).frame
           ^^^^^^^^^^^^^^^^^^^^^^^^^^^^^^^^^^^^^^^^^^^^^^^^^^^^^^^^^^^
  File "C:\Users\Pablo\OneDrive - UAM\2 Proyectos\1 Otros\0 Software_propio_utilidades\RC\analizadorrc\custom_plugins\auto_measurements.py", line 153, in __init__
    self._setup_ui()
  File "C:\Users\Pablo\OneDrive - UAM\2 Proyectos\1 Otros\0 Software_propio_utilidades\RC\analizadorrc\custom_plugins\auto_measurements.py", line 193, in _setup_ui
    command=self._update_unit_conversion).pack(side=tk.LEFT)
            ^^^^^^^^^^^^^^^^^^^^^^^^^^^^
AttributeError: 'AutoMeasurementsTab' object has no attribute '_update_unit_conversion'
2025-06-22 21:15:21,451 - app.ui.main_window - INFO - Main window initialized
2025-06-22 21:15:21,452 - app.rc_analyzer - INFO - RCAnalyzer initialization complete
2025-06-22 22:06:39,911 - app.rc_analyzer - INFO - Saving configuration before exit
2025-06-22 22:06:39,911 - app.utils.config_manager - INFO - Configuration saved to file
2025-06-22 22:06:39,919 - app.rc_analyzer - INFO - Cleaned up local temp directory: C:\Users\Pablo\OneDrive - UAM\2 Proyectos\1 Otros\0 Software_propio_utilidades\RC\analizadorrc\temp
2025-06-22 22:06:39,919 - app.rc_analyzer - INFO - Cleaned up log and temporary files
2025-06-22 22:06:40,032 - __main__ - INFO - Application closed normally
