2025-06-23 02:36:35,917 - __main__ - INFO - Starting Radiochromic Film Analyzer
2025-06-23 02:36:35,972 - app.rc_analyzer - INFO - Initializing RCAnalyzer application
2025-06-23 02:36:35,979 - app.rc_analyzer - INFO - Cleaned up local temp directory: C:\Users\Pablo\OneDrive - UAM\2 Proyectos\1 Otros\0 Software_propio_utilidades\RC\analizadorrc\temp
2025-06-23 02:36:35,979 - app.rc_analyzer - INFO - Cleaned up log and temporary files
2025-06-23 02:36:35,979 - app.utils.config_manager - INFO - Configuration manager initialized
2025-06-23 02:36:35,980 - app.utils.config_manager - INFO - Configuration loaded from file
2025-06-23 02:36:35,998 - app.core.image_processor - INFO - System info: {'platform': 'Windows', 'processor': 'AMD64 Family 23 Model 113 Stepping 0, AuthenticAMD', 'cpu_count': 12, 'memory_gb': 31.94003677368164, 'python_version': '3.12.0', 'opencv_version': '4.11.0'}
2025-06-23 02:36:35,998 - app.core.image_processor - WARNING - CUDA not available, skipping GPU initialization
2025-06-23 02:36:35,999 - app.core.image_processor - INFO - Image processor initialized
2025-06-23 02:36:36,000 - app.utils.file_manager - INFO - File manager initialized
2025-06-23 02:36:36,041 - app.plugins.plugin_manager - INFO - Loaded plugin 'auto_measurements'
2025-06-23 02:36:36,065 - app.ui.image_panel - INFO - Image panel initialized
2025-06-23 02:36:36,088 - app.ui.measurement_panel - INFO - Measurement panel initialized
2025-06-23 02:36:36,101 - app.ui.image_settings_panel - INFO - Image settings panel initialized
2025-06-23 02:36:36,308 - app.ui.main_window - INFO - Main window initialized
2025-06-23 02:36:36,308 - app.rc_analyzer - INFO - RCAnalyzer initialization complete
2025-06-23 02:36:39,355 - app.ui.main_window - INFO - Loading image: C:\Users\Pablo\OneDrive - UAM\4 Protonterapia\1 Experimentos\1 Experimentos\2025_05_06_PT\scans_070525\RC1_2_3.tiff (Size: 14.94 MB)
2025-06-23 02:36:39,489 - app.core.image_processor - INFO - Loading image: C:\Users\Pablo\OneDrive - UAM\4 Protonterapia\1 Experimentos\1 Experimentos\2025_05_06_PT\scans_070525\RC1_2_3.tiff, size: 2550x3510
2025-06-23 02:36:39,492 - app.core.image_processor - INFO - Computing integral images for fast statistics
2025-06-23 02:36:39,628 - app.core.image_processor - INFO - Integral images computed successfully
2025-06-23 02:36:39,633 - app.core.image_processor - INFO - Loaded image: C:\Users\Pablo\OneDrive - UAM\4 Protonterapia\1 Experimentos\1 Experimentos\2025_05_06_PT\scans_070525\RC1_2_3.tiff
2025-06-23 02:36:40,525 - app.core.image_processor - INFO - Computing integral images for fast statistics
2025-06-23 02:36:40,721 - app.core.image_processor - INFO - Integral images computed successfully
2025-06-23 02:36:40,723 - app.core.image_processor - INFO - Calibration applied successfully – dose image ready (3-channel float32)
2025-06-23 02:36:40,749 - app.ui.main_window - INFO - Loaded image: C:\Users\Pablo\OneDrive - UAM\4 Protonterapia\1 Experimentos\1 Experimentos\2025_05_06_PT\scans_070525\RC1_2_3.tiff
2025-06-23 02:37:20,450 - app.ui.main_window - INFO - Loading image: C:\Users\Pablo\OneDrive - UAM\4 Protonterapia\1 Experimentos\1 Experimentos\2025_05_06_PT\scans_070525\RC1_2_3.tiff (Size: 14.94 MB)
2025-06-23 02:37:20,578 - app.core.image_processor - INFO - Loading image: C:\Users\Pablo\OneDrive - UAM\4 Protonterapia\1 Experimentos\1 Experimentos\2025_05_06_PT\scans_070525\RC1_2_3.tiff, size: 2550x3510
2025-06-23 02:37:20,594 - app.core.image_processor - INFO - Computing integral images for fast statistics
2025-06-23 02:37:20,746 - app.core.image_processor - INFO - Integral images computed successfully
2025-06-23 02:37:20,750 - app.core.image_processor - INFO - Loaded image: C:\Users\Pablo\OneDrive - UAM\4 Protonterapia\1 Experimentos\1 Experimentos\2025_05_06_PT\scans_070525\RC1_2_3.tiff
2025-06-23 02:37:21,576 - app.core.image_processor - INFO - Computing integral images for fast statistics
2025-06-23 02:37:21,738 - app.core.image_processor - INFO - Integral images computed successfully
2025-06-23 02:37:21,739 - app.core.image_processor - INFO - Calibration applied successfully – dose image ready (3-channel float32)
2025-06-23 02:37:21,761 - app.ui.main_window - INFO - Loaded image: C:\Users\Pablo\OneDrive - UAM\4 Protonterapia\1 Experimentos\1 Experimentos\2025_05_06_PT\scans_070525\RC1_2_3.tiff
2025-06-23 02:37:24,410 - app.plugins.plugin_manager - INFO - Plugin 'auto_measurements' active=False
2025-06-23 02:37:25,826 - app.plugins.plugin_manager - INFO - Plugin 'auto_measurements' active=True
