2025-06-23 02:47:30,016 - __main__ - INFO - Starting Radiochromic Film Analyzer
2025-06-23 02:47:30,063 - app.rc_analyzer - INFO - Initializing RCAnalyzer application
2025-06-23 02:47:30,068 - app.rc_analyzer - INFO - Cleaned up local temp directory: C:\Users\Pablo\OneDrive - UAM\2 Proyectos\1 Otros\0 Software_propio_utilidades\RC\analizadorrc\temp
2025-06-23 02:47:30,068 - app.rc_analyzer - INFO - Cleaned up log and temporary files
2025-06-23 02:47:30,068 - app.utils.config_manager - INFO - Configuration manager initialized
2025-06-23 02:47:30,069 - app.utils.config_manager - INFO - Configuration loaded from file
2025-06-23 02:47:30,087 - app.core.image_processor - INFO - System info: {'platform': 'Windows', 'processor': 'AMD64 Family 23 Model 113 Stepping 0, AuthenticAMD', 'cpu_count': 12, 'memory_gb': 31.94003677368164, 'python_version': '3.12.0', 'opencv_version': '4.11.0'}
2025-06-23 02:47:30,088 - app.core.image_processor - WARNING - CUDA not available, skipping GPU initialization
2025-06-23 02:47:30,088 - app.core.image_processor - INFO - Image processor initialized
2025-06-23 02:47:30,088 - app.utils.file_manager - INFO - File manager initialized
2025-06-23 02:47:30,127 - app.plugins.plugin_manager - INFO - Loaded plugin 'auto_measurements'
2025-06-23 02:47:30,145 - app.ui.image_panel - INFO - Image panel initialized
2025-06-23 02:47:30,163 - app.ui.measurement_panel - INFO - Measurement panel initialized
2025-06-23 02:47:30,172 - app.ui.image_settings_panel - INFO - Image settings panel initialized
2025-06-23 02:47:30,366 - app.ui.main_window - INFO - Main window initialized
2025-06-23 02:47:30,367 - app.rc_analyzer - INFO - RCAnalyzer initialization complete
2025-06-23 02:47:36,559 - app.ui.main_window - INFO - Loading image: C:\Users\Pablo\OneDrive - UAM\4 Protonterapia\1 Experimentos\1 Experimentos\2025_05_06_PT\scans_070525\RC1_2_3.tiff (Size: 14.94 MB)
2025-06-23 02:47:36,700 - app.core.image_processor - INFO - Loading image: C:\Users\Pablo\OneDrive - UAM\4 Protonterapia\1 Experimentos\1 Experimentos\2025_05_06_PT\scans_070525\RC1_2_3.tiff, size: 2550x3510
2025-06-23 02:47:36,705 - app.core.image_processor - INFO - Computing integral images for fast statistics
2025-06-23 02:47:36,840 - app.core.image_processor - INFO - Integral images computed successfully
2025-06-23 02:47:36,843 - app.core.image_processor - INFO - Loaded image: C:\Users\Pablo\OneDrive - UAM\4 Protonterapia\1 Experimentos\1 Experimentos\2025_05_06_PT\scans_070525\RC1_2_3.tiff
2025-06-23 02:47:37,760 - app.core.image_processor - INFO - Computing integral images for fast statistics
2025-06-23 02:47:37,976 - app.core.image_processor - INFO - Integral images computed successfully
2025-06-23 02:47:37,977 - app.core.image_processor - INFO - Calibration applied successfully – dose image ready (3-channel float32)
2025-06-23 02:47:38,004 - app.ui.main_window - INFO - Loaded image: C:\Users\Pablo\OneDrive - UAM\4 Protonterapia\1 Experimentos\1 Experimentos\2025_05_06_PT\scans_070525\RC1_2_3.tiff
2025-06-23 02:47:39,458 - root - INFO - _update_unit_conversion initiated. Checkbox state: True, Image loaded: True
2025-06-23 02:47:39,809 - root - INFO - Auto-detected resolution from PIL_dpi: 299.999 DPI
2025-06-23 02:47:39,809 - root - INFO - Metadata usage enabled. Stored new resolution: 300.00 DPI
2025-06-23 02:47:39,810 - root - INFO - Unit Conversion Update complete.

2025-06-23 02:47:39,810 - root - INFO - Unit Conversion Update complete.

2025-06-23 02:47:40,312 - root - INFO - _update_unit_conversion initiated. Checkbox state: False, Image loaded: True
2025-06-23 02:47:40,313 - root - INFO - Metadata usage disabled. Converting parameters back to pixels using stored resolution: 300.00 DPI
2025-06-23 02:47:40,313 - root - INFO - Stored resolution cleared.
2025-06-23 02:47:40,313 - root - INFO - Unit Conversion Update complete.

2025-06-23 02:47:40,313 - root - INFO - Unit Conversion Update complete.

2025-06-23 02:47:41,080 - root - INFO - _update_unit_conversion initiated. Checkbox state: True, Image loaded: True
2025-06-23 02:47:41,398 - root - INFO - Auto-detected resolution from PIL_dpi: 299.999 DPI
2025-06-23 02:47:41,399 - root - INFO - Metadata usage enabled. Stored new resolution: 300.00 DPI
2025-06-23 02:47:41,400 - root - INFO - Unit Conversion Update complete.

2025-06-23 02:47:41,400 - root - INFO - Unit Conversion Update complete.

2025-06-23 02:47:41,880 - root - INFO - _update_unit_conversion initiated. Checkbox state: False, Image loaded: True
2025-06-23 02:47:41,880 - root - INFO - Metadata usage disabled. Converting parameters back to pixels using stored resolution: 300.00 DPI
2025-06-23 02:47:41,880 - root - INFO - Stored resolution cleared.
2025-06-23 02:47:41,880 - root - INFO - Unit Conversion Update complete.

2025-06-23 02:47:41,882 - root - INFO - Unit Conversion Update complete.

2025-06-23 02:47:54,727 - app.ui.main_window - INFO - Loading image: C:\Users\Pablo\OneDrive - UAM\4 Protonterapia\1 Experimentos\1 Experimentos\2025_05_28_Coimbra\Scans_29May\RC_CMAM\4_Ext_CMAM.tiff (Size: 14.69 MB)
2025-06-23 02:47:54,858 - app.core.image_processor - INFO - Loading image: C:\Users\Pablo\OneDrive - UAM\4 Protonterapia\1 Experimentos\1 Experimentos\2025_05_28_Coimbra\Scans_29May\RC_CMAM\4_Ext_CMAM.tiff, size: 2550x3510
2025-06-23 02:47:54,874 - app.core.image_processor - INFO - Computing integral images for fast statistics
2025-06-23 02:47:55,035 - app.core.image_processor - INFO - Integral images computed successfully
2025-06-23 02:47:55,038 - app.core.image_processor - INFO - Loaded image: C:\Users\Pablo\OneDrive - UAM\4 Protonterapia\1 Experimentos\1 Experimentos\2025_05_28_Coimbra\Scans_29May\RC_CMAM\4_Ext_CMAM.tiff
2025-06-23 02:47:55,879 - app.core.image_processor - INFO - Computing integral images for fast statistics
2025-06-23 02:47:56,054 - app.core.image_processor - INFO - Integral images computed successfully
2025-06-23 02:47:56,056 - app.core.image_processor - INFO - Calibration applied successfully – dose image ready (3-channel float32)
2025-06-23 02:47:56,082 - app.ui.main_window - INFO - Loaded image: C:\Users\Pablo\OneDrive - UAM\4 Protonterapia\1 Experimentos\1 Experimentos\2025_05_28_Coimbra\Scans_29May\RC_CMAM\4_Ext_CMAM.tiff
2025-06-23 02:47:59,977 - root - INFO - _update_unit_conversion initiated. Checkbox state: True, Image loaded: True
2025-06-23 02:48:00,271 - root - INFO - Auto-detected resolution from PIL_dpi: 299.999 DPI
2025-06-23 02:48:00,271 - root - INFO - Metadata usage enabled. Stored new resolution: 300.00 DPI
2025-06-23 02:48:00,273 - root - INFO - Unit Conversion Update complete.

2025-06-23 02:48:00,273 - root - INFO - Unit Conversion Update complete.

2025-06-23 02:48:23,337 - app.rc_analyzer - INFO - Saving configuration before exit
2025-06-23 02:48:23,338 - app.utils.config_manager - INFO - Configuration saved to file
2025-06-23 02:48:23,343 - app.rc_analyzer - INFO - Cleaned up local temp directory: C:\Users\Pablo\OneDrive - UAM\2 Proyectos\1 Otros\0 Software_propio_utilidades\RC\analizadorrc\temp
2025-06-23 02:48:23,343 - app.rc_analyzer - INFO - Cleaned up log and temporary files
2025-06-23 02:48:23,463 - __main__ - INFO - Application closed normally
