2025-06-22 21:10:21,203 - __main__ - INFO - Starting Radiochromic Film Analyzer
2025-06-22 21:10:21,257 - app.rc_analyzer - INFO - Initializing RCAnalyzer application
2025-06-22 21:10:21,263 - app.rc_analyzer - INFO - Cleaned up local temp directory: C:\Users\Pablo\OneDrive - UAM\2 Proyectos\1 Otros\0 Software_propio_utilidades\RC\analizadorrc\temp
2025-06-22 21:10:21,263 - app.rc_analyzer - INFO - Cleaned up log and temporary files
2025-06-22 21:10:21,263 - app.utils.config_manager - INFO - Configuration manager initialized
2025-06-22 21:10:21,263 - app.utils.config_manager - INFO - Configuration loaded from file
2025-06-22 21:10:21,280 - app.core.image_processor - INFO - System info: {'platform': 'Windows', 'processor': 'AMD64 Family 23 Model 113 Stepping 0, AuthenticAMD', 'cpu_count': 12, 'memory_gb': 31.94003677368164, 'python_version': '3.12.0', 'opencv_version': '4.11.0'}
2025-06-22 21:10:21,281 - app.core.image_processor - WARNING - CUDA not available, skipping GPU initialization
2025-06-22 21:10:21,281 - app.core.image_processor - INFO - Image processor initialized
2025-06-22 21:10:21,281 - app.utils.file_manager - INFO - File manager initialized
2025-06-22 21:10:21,319 - app.plugins.plugin_manager - INFO - Loaded plugin 'auto_measurements'
2025-06-22 21:10:21,340 - app.ui.image_panel - INFO - Image panel initialized
2025-06-22 21:10:21,360 - app.ui.measurement_panel - INFO - Measurement panel initialized
2025-06-22 21:10:21,369 - app.ui.image_settings_panel - INFO - Image settings panel initialized
2025-06-22 21:10:21,567 - app.ui.main_window - INFO - Main window initialized
2025-06-22 21:10:21,568 - app.rc_analyzer - INFO - RCAnalyzer initialization complete
2025-06-22 21:10:23,631 - app.ui.main_window - INFO - Loading image: C:\Users\Pablo\OneDrive - UAM\4 Protonterapia\1 Experimentos\1 Experimentos\2025_05_06_PT\scans_070525\RC1_2_3.tiff (Size: 14.94 MB)
2025-06-22 21:10:23,767 - app.core.image_processor - INFO - Loading image: C:\Users\Pablo\OneDrive - UAM\4 Protonterapia\1 Experimentos\1 Experimentos\2025_05_06_PT\scans_070525\RC1_2_3.tiff, size: 2550x3510
2025-06-22 21:10:23,771 - app.core.image_processor - INFO - Computing integral images for fast statistics
2025-06-22 21:10:23,910 - app.core.image_processor - INFO - Integral images computed successfully
2025-06-22 21:10:23,913 - app.core.image_processor - INFO - Loaded image: C:\Users\Pablo\OneDrive - UAM\4 Protonterapia\1 Experimentos\1 Experimentos\2025_05_06_PT\scans_070525\RC1_2_3.tiff
2025-06-22 21:10:24,727 - app.core.image_processor - INFO - Computing integral images for fast statistics
2025-06-22 21:10:24,889 - app.core.image_processor - INFO - Integral images computed successfully
2025-06-22 21:10:24,890 - app.core.image_processor - INFO - Calibration applied successfully – dose image ready (3-channel float32)
2025-06-22 21:10:24,915 - app.ui.main_window - INFO - Loaded image: C:\Users\Pablo\OneDrive - UAM\4 Protonterapia\1 Experimentos\1 Experimentos\2025_05_06_PT\scans_070525\RC1_2_3.tiff
2025-06-22 21:15:16,963 - app.rc_analyzer - INFO - Saving configuration before exit
2025-06-22 21:15:16,964 - app.utils.config_manager - INFO - Configuration saved to file
2025-06-22 21:15:16,967 - app.rc_analyzer - INFO - Cleaned up local temp directory: C:\Users\Pablo\OneDrive - UAM\2 Proyectos\1 Otros\0 Software_propio_utilidades\RC\analizadorrc\temp
2025-06-22 21:15:16,968 - app.rc_analyzer - INFO - Cleaned up log and temporary files
2025-06-22 21:15:17,071 - __main__ - INFO - Application closed normally
