2025-06-17 14:57:00,081 - __main__ - INFO - Starting Radiochromic Film Analyzer
2025-06-17 14:57:00,126 - app.rc_analyzer - INFO - Initializing RCAnalyzer application
2025-06-17 14:57:00,131 - app.rc_analyzer - INFO - Cleaned up local temp directory: C:\Users\Pablo\OneDrive - UAM\2 Proyectos\1 Otros\0 Software_propio_utilidades\RC\analizadorrc\temp
2025-06-17 14:57:00,131 - app.rc_analyzer - INFO - Cleaned up log and temporary files
2025-06-17 14:57:00,132 - app.utils.config_manager - INFO - Configuration manager initialized
2025-06-17 14:57:00,132 - app.utils.config_manager - INFO - Configuration loaded from file
2025-06-17 14:57:00,151 - app.core.image_processor - INFO - System info: {'platform': 'Windows', 'processor': 'AMD64 Family 23 Model 113 Stepping 0, AuthenticAMD', 'cpu_count': 12, 'memory_gb': 31.94003677368164, 'python_version': '3.12.0', 'opencv_version': '4.11.0'}
2025-06-17 14:57:00,151 - app.core.image_processor - WARNING - CUDA test matrix creation failed: OpenCV(4.11.0) D:\a\opencv-python\opencv-python\opencv\modules\core\include\opencv2/core/private.cuda.hpp:106: error: (-216:No CUDA support) The library is compiled without CUDA support in function 'throw_no_cuda'

2025-06-17 14:57:00,151 - app.core.image_processor - WARNING - Alternative CUDA test failed: OpenCV(4.11.0) :-1: error: (-5:Bad argument) in function 'createGpuMatFromCudaMemory'
> Overload resolution failed:
>  - createGpuMatFromCudaMemory() missing required argument 'type' (pos 3)
>  - createGpuMatFromCudaMemory() missing required argument 'cudaMemoryAddress' (pos 3)

2025-06-17 14:57:00,239 - app.core.image_processor - INFO - NVIDIA GPU detected: nvidia quadro p600
2025-06-17 14:57:00,239 - app.core.image_processor - INFO - CUDA initialization failed. Setting GPU as available but with warning.
2025-06-17 14:57:00,240 - app.core.image_processor - INFO - To fix CUDA issues, try:
2025-06-17 14:57:00,240 - app.core.image_processor - INFO - 1. Install the latest NVIDIA drivers
2025-06-17 14:57:00,240 - app.core.image_processor - INFO - 2. Install CUDA toolkit compatible with your GPU
2025-06-17 14:57:00,240 - app.core.image_processor - INFO - 3. Use 'Force enable GPU' option in settings
2025-06-17 14:57:00,240 - app.core.image_processor - INFO - GPU acceleration available. Enabled: False
2025-06-17 14:57:00,240 - app.core.image_processor - INFO - Image processor initialized
2025-06-17 14:57:00,248 - app.utils.file_manager - INFO - File manager initialized
2025-06-17 14:57:00,269 - app.plugins.plugin_manager - INFO - Loaded plugin 'auto_measurements'
2025-06-17 14:57:00,284 - app.ui.image_panel - INFO - Image panel initialized
2025-06-17 14:57:00,300 - app.ui.measurement_panel - INFO - Measurement panel initialized
2025-06-17 14:57:00,308 - app.ui.image_settings_panel - INFO - Image settings panel initialized
2025-06-17 14:57:00,324 - app.ui.main_window - INFO - Main window initialized
2025-06-17 14:57:00,324 - app.rc_analyzer - INFO - RCAnalyzer initialization complete
2025-06-17 14:57:07,713 - app.ui.main_window - INFO - Loading image: C:\Users\Pablo\OneDrive - UAM\4 Protonterapia\1 Experimentos\1 Experimentos\2025_05_06_PT\scans_070525\RC1_2_3.tiff (Size: 14.94 MB)
2025-06-17 14:57:07,853 - app.core.image_processor - INFO - Loading image: C:\Users\Pablo\OneDrive - UAM\4 Protonterapia\1 Experimentos\1 Experimentos\2025_05_06_PT\scans_070525\RC1_2_3.tiff, size: 2550x3510
2025-06-17 14:57:07,857 - app.core.image_processor - INFO - Computing integral images for fast statistics
2025-06-17 14:57:07,993 - app.core.image_processor - INFO - Integral images computed successfully
2025-06-17 14:57:07,995 - app.core.image_processor - INFO - Loaded image: C:\Users\Pablo\OneDrive - UAM\4 Protonterapia\1 Experimentos\1 Experimentos\2025_05_06_PT\scans_070525\RC1_2_3.tiff
2025-06-17 14:57:08,807 - app.core.image_processor - INFO - Computing integral images for fast statistics
2025-06-17 14:57:08,974 - app.core.image_processor - INFO - Integral images computed successfully
2025-06-17 14:57:08,975 - app.core.image_processor - INFO - Calibration applied successfully – dose image ready (3-channel float32)
2025-06-17 14:57:09,002 - app.ui.main_window - INFO - Loaded image: C:\Users\Pablo\OneDrive - UAM\4 Protonterapia\1 Experimentos\1 Experimentos\2025_05_06_PT\scans_070525\RC1_2_3.tiff
2025-06-17 14:58:03,446 - app.core.image_processor - ERROR - Error measuring area: OpenCV(4.11.0) :-1: error: (-5:Bad argument) in function 'circle'
> Overload resolution failed:
>  - Argument 'radius' is required to be an integer
>  - Argument 'radius' is required to be an integer
Traceback (most recent call last):
  File "C:\Users\Pablo\OneDrive - UAM\2 Proyectos\1 Otros\0 Software_propio_utilidades\RC\analizadorrc\app\core\image_processor.py", line 1036, in measure_area
    cv2.circle(mask, (img_x, img_y), actual_size, 255, -1)
cv2.error: OpenCV(4.11.0) :-1: error: (-5:Bad argument) in function 'circle'
> Overload resolution failed:
>  - Argument 'radius' is required to be an integer
>  - Argument 'radius' is required to be an integer

2025-06-17 14:58:03,449 - app.core.image_processor - ERROR - Error measuring area: OpenCV(4.11.0) :-1: error: (-5:Bad argument) in function 'circle'
> Overload resolution failed:
>  - Argument 'radius' is required to be an integer
>  - Argument 'radius' is required to be an integer
Traceback (most recent call last):
  File "C:\Users\Pablo\OneDrive - UAM\2 Proyectos\1 Otros\0 Software_propio_utilidades\RC\analizadorrc\app\core\image_processor.py", line 1036, in measure_area
    cv2.circle(mask, (img_x, img_y), actual_size, 255, -1)
cv2.error: OpenCV(4.11.0) :-1: error: (-5:Bad argument) in function 'circle'
> Overload resolution failed:
>  - Argument 'radius' is required to be an integer
>  - Argument 'radius' is required to be an integer

2025-06-17 14:58:03,452 - app.core.image_processor - ERROR - Error measuring area: OpenCV(4.11.0) :-1: error: (-5:Bad argument) in function 'circle'
> Overload resolution failed:
>  - Argument 'radius' is required to be an integer
>  - Argument 'radius' is required to be an integer
Traceback (most recent call last):
  File "C:\Users\Pablo\OneDrive - UAM\2 Proyectos\1 Otros\0 Software_propio_utilidades\RC\analizadorrc\app\core\image_processor.py", line 1036, in measure_area
    cv2.circle(mask, (img_x, img_y), actual_size, 255, -1)
cv2.error: OpenCV(4.11.0) :-1: error: (-5:Bad argument) in function 'circle'
> Overload resolution failed:
>  - Argument 'radius' is required to be an integer
>  - Argument 'radius' is required to be an integer

2025-06-17 14:58:03,456 - app.core.image_processor - ERROR - Error measuring area: OpenCV(4.11.0) :-1: error: (-5:Bad argument) in function 'circle'
> Overload resolution failed:
>  - Argument 'radius' is required to be an integer
>  - Argument 'radius' is required to be an integer
Traceback (most recent call last):
  File "C:\Users\Pablo\OneDrive - UAM\2 Proyectos\1 Otros\0 Software_propio_utilidades\RC\analizadorrc\app\core\image_processor.py", line 1036, in measure_area
    cv2.circle(mask, (img_x, img_y), actual_size, 255, -1)
cv2.error: OpenCV(4.11.0) :-1: error: (-5:Bad argument) in function 'circle'
> Overload resolution failed:
>  - Argument 'radius' is required to be an integer
>  - Argument 'radius' is required to be an integer

2025-06-17 14:58:03,459 - app.core.image_processor - ERROR - Error measuring area: OpenCV(4.11.0) :-1: error: (-5:Bad argument) in function 'circle'
> Overload resolution failed:
>  - Argument 'radius' is required to be an integer
>  - Argument 'radius' is required to be an integer
Traceback (most recent call last):
  File "C:\Users\Pablo\OneDrive - UAM\2 Proyectos\1 Otros\0 Software_propio_utilidades\RC\analizadorrc\app\core\image_processor.py", line 1036, in measure_area
    cv2.circle(mask, (img_x, img_y), actual_size, 255, -1)
cv2.error: OpenCV(4.11.0) :-1: error: (-5:Bad argument) in function 'circle'
> Overload resolution failed:
>  - Argument 'radius' is required to be an integer
>  - Argument 'radius' is required to be an integer

2025-06-17 14:58:03,463 - app.core.image_processor - ERROR - Error measuring area: OpenCV(4.11.0) :-1: error: (-5:Bad argument) in function 'circle'
> Overload resolution failed:
>  - Argument 'radius' is required to be an integer
>  - Argument 'radius' is required to be an integer
Traceback (most recent call last):
  File "C:\Users\Pablo\OneDrive - UAM\2 Proyectos\1 Otros\0 Software_propio_utilidades\RC\analizadorrc\app\core\image_processor.py", line 1036, in measure_area
    cv2.circle(mask, (img_x, img_y), actual_size, 255, -1)
cv2.error: OpenCV(4.11.0) :-1: error: (-5:Bad argument) in function 'circle'
> Overload resolution failed:
>  - Argument 'radius' is required to be an integer
>  - Argument 'radius' is required to be an integer

2025-06-17 14:58:03,467 - app.core.image_processor - ERROR - Error measuring area: OpenCV(4.11.0) :-1: error: (-5:Bad argument) in function 'circle'
> Overload resolution failed:
>  - Argument 'radius' is required to be an integer
>  - Argument 'radius' is required to be an integer
Traceback (most recent call last):
  File "C:\Users\Pablo\OneDrive - UAM\2 Proyectos\1 Otros\0 Software_propio_utilidades\RC\analizadorrc\app\core\image_processor.py", line 1036, in measure_area
    cv2.circle(mask, (img_x, img_y), actual_size, 255, -1)
cv2.error: OpenCV(4.11.0) :-1: error: (-5:Bad argument) in function 'circle'
> Overload resolution failed:
>  - Argument 'radius' is required to be an integer
>  - Argument 'radius' is required to be an integer

2025-06-17 14:58:03,469 - app.core.image_processor - ERROR - Error measuring area: OpenCV(4.11.0) :-1: error: (-5:Bad argument) in function 'circle'
> Overload resolution failed:
>  - Argument 'radius' is required to be an integer
>  - Argument 'radius' is required to be an integer
Traceback (most recent call last):
  File "C:\Users\Pablo\OneDrive - UAM\2 Proyectos\1 Otros\0 Software_propio_utilidades\RC\analizadorrc\app\core\image_processor.py", line 1036, in measure_area
    cv2.circle(mask, (img_x, img_y), actual_size, 255, -1)
cv2.error: OpenCV(4.11.0) :-1: error: (-5:Bad argument) in function 'circle'
> Overload resolution failed:
>  - Argument 'radius' is required to be an integer
>  - Argument 'radius' is required to be an integer

2025-06-17 14:58:03,473 - app.core.image_processor - ERROR - Error measuring area: OpenCV(4.11.0) :-1: error: (-5:Bad argument) in function 'circle'
> Overload resolution failed:
>  - Argument 'radius' is required to be an integer
>  - Argument 'radius' is required to be an integer
Traceback (most recent call last):
  File "C:\Users\Pablo\OneDrive - UAM\2 Proyectos\1 Otros\0 Software_propio_utilidades\RC\analizadorrc\app\core\image_processor.py", line 1036, in measure_area
    cv2.circle(mask, (img_x, img_y), actual_size, 255, -1)
cv2.error: OpenCV(4.11.0) :-1: error: (-5:Bad argument) in function 'circle'
> Overload resolution failed:
>  - Argument 'radius' is required to be an integer
>  - Argument 'radius' is required to be an integer

2025-06-17 14:58:03,476 - app.core.image_processor - ERROR - Error measuring area: OpenCV(4.11.0) :-1: error: (-5:Bad argument) in function 'circle'
> Overload resolution failed:
>  - Argument 'radius' is required to be an integer
>  - Argument 'radius' is required to be an integer
Traceback (most recent call last):
  File "C:\Users\Pablo\OneDrive - UAM\2 Proyectos\1 Otros\0 Software_propio_utilidades\RC\analizadorrc\app\core\image_processor.py", line 1036, in measure_area
    cv2.circle(mask, (img_x, img_y), actual_size, 255, -1)
cv2.error: OpenCV(4.11.0) :-1: error: (-5:Bad argument) in function 'circle'
> Overload resolution failed:
>  - Argument 'radius' is required to be an integer
>  - Argument 'radius' is required to be an integer

2025-06-17 14:58:03,480 - app.core.image_processor - ERROR - Error measuring area: OpenCV(4.11.0) :-1: error: (-5:Bad argument) in function 'circle'
> Overload resolution failed:
>  - Argument 'radius' is required to be an integer
>  - Argument 'radius' is required to be an integer
Traceback (most recent call last):
  File "C:\Users\Pablo\OneDrive - UAM\2 Proyectos\1 Otros\0 Software_propio_utilidades\RC\analizadorrc\app\core\image_processor.py", line 1036, in measure_area
    cv2.circle(mask, (img_x, img_y), actual_size, 255, -1)
cv2.error: OpenCV(4.11.0) :-1: error: (-5:Bad argument) in function 'circle'
> Overload resolution failed:
>  - Argument 'radius' is required to be an integer
>  - Argument 'radius' is required to be an integer

2025-06-17 14:58:03,483 - app.core.image_processor - ERROR - Error measuring area: OpenCV(4.11.0) :-1: error: (-5:Bad argument) in function 'circle'
> Overload resolution failed:
>  - Argument 'radius' is required to be an integer
>  - Argument 'radius' is required to be an integer
Traceback (most recent call last):
  File "C:\Users\Pablo\OneDrive - UAM\2 Proyectos\1 Otros\0 Software_propio_utilidades\RC\analizadorrc\app\core\image_processor.py", line 1036, in measure_area
    cv2.circle(mask, (img_x, img_y), actual_size, 255, -1)
cv2.error: OpenCV(4.11.0) :-1: error: (-5:Bad argument) in function 'circle'
> Overload resolution failed:
>  - Argument 'radius' is required to be an integer
>  - Argument 'radius' is required to be an integer

2025-06-17 14:58:03,485 - app.core.image_processor - ERROR - Error measuring area: OpenCV(4.11.0) :-1: error: (-5:Bad argument) in function 'circle'
> Overload resolution failed:
>  - Argument 'radius' is required to be an integer
>  - Argument 'radius' is required to be an integer
Traceback (most recent call last):
  File "C:\Users\Pablo\OneDrive - UAM\2 Proyectos\1 Otros\0 Software_propio_utilidades\RC\analizadorrc\app\core\image_processor.py", line 1036, in measure_area
    cv2.circle(mask, (img_x, img_y), actual_size, 255, -1)
cv2.error: OpenCV(4.11.0) :-1: error: (-5:Bad argument) in function 'circle'
> Overload resolution failed:
>  - Argument 'radius' is required to be an integer
>  - Argument 'radius' is required to be an integer

2025-06-17 14:58:03,489 - app.core.image_processor - ERROR - Error measuring area: OpenCV(4.11.0) :-1: error: (-5:Bad argument) in function 'circle'
> Overload resolution failed:
>  - Argument 'radius' is required to be an integer
>  - Argument 'radius' is required to be an integer
Traceback (most recent call last):
  File "C:\Users\Pablo\OneDrive - UAM\2 Proyectos\1 Otros\0 Software_propio_utilidades\RC\analizadorrc\app\core\image_processor.py", line 1036, in measure_area
    cv2.circle(mask, (img_x, img_y), actual_size, 255, -1)
cv2.error: OpenCV(4.11.0) :-1: error: (-5:Bad argument) in function 'circle'
> Overload resolution failed:
>  - Argument 'radius' is required to be an integer
>  - Argument 'radius' is required to be an integer

2025-06-17 14:58:03,491 - app.core.image_processor - ERROR - Error measuring area: OpenCV(4.11.0) :-1: error: (-5:Bad argument) in function 'circle'
> Overload resolution failed:
>  - Argument 'radius' is required to be an integer
>  - Argument 'radius' is required to be an integer
Traceback (most recent call last):
  File "C:\Users\Pablo\OneDrive - UAM\2 Proyectos\1 Otros\0 Software_propio_utilidades\RC\analizadorrc\app\core\image_processor.py", line 1036, in measure_area
    cv2.circle(mask, (img_x, img_y), actual_size, 255, -1)
cv2.error: OpenCV(4.11.0) :-1: error: (-5:Bad argument) in function 'circle'
> Overload resolution failed:
>  - Argument 'radius' is required to be an integer
>  - Argument 'radius' is required to be an integer

