2025-06-22 23:19:22,786 - __main__ - INFO - Starting Radiochromic Film Analyzer
2025-06-22 23:19:22,837 - app.rc_analyzer - INFO - Initializing RCAnalyzer application
2025-06-22 23:19:22,842 - app.rc_analyzer - INFO - Cleaned up local temp directory: C:\Users\Pablo\OneDrive - UAM\2 Proyectos\1 Otros\0 Software_propio_utilidades\RC\analizadorrc\temp
2025-06-22 23:19:22,842 - app.rc_analyzer - INFO - Cleaned up log and temporary files
2025-06-22 23:19:22,842 - app.utils.config_manager - INFO - Configuration manager initialized
2025-06-22 23:19:22,844 - app.utils.config_manager - INFO - Configuration loaded from file
2025-06-22 23:19:22,865 - app.core.image_processor - INFO - System info: {'platform': 'Windows', 'processor': 'AMD64 Family 23 Model 113 Stepping 0, AuthenticAMD', 'cpu_count': 12, 'memory_gb': 31.94003677368164, 'python_version': '3.12.0', 'opencv_version': '4.11.0'}
2025-06-22 23:19:22,865 - app.core.image_processor - WARNING - CUDA not available, skipping GPU initialization
2025-06-22 23:19:22,865 - app.core.image_processor - INFO - Image processor initialized
2025-06-22 23:19:22,866 - app.utils.file_manager - INFO - File manager initialized
2025-06-22 23:19:22,904 - app.plugins.plugin_manager - INFO - Loaded plugin 'auto_measurements'
2025-06-22 23:19:22,929 - app.ui.image_panel - INFO - Image panel initialized
2025-06-22 23:19:22,949 - app.ui.measurement_panel - INFO - Measurement panel initialized
2025-06-22 23:19:22,962 - app.ui.image_settings_panel - INFO - Image settings panel initialized
2025-06-22 23:19:23,163 - app.ui.main_window - INFO - Main window initialized
2025-06-22 23:19:23,164 - app.rc_analyzer - INFO - RCAnalyzer initialization complete
2025-06-22 23:19:30,402 - app.ui.main_window - INFO - Loading image: C:\Users\Pablo\OneDrive - UAM\4 Protonterapia\1 Experimentos\1 Experimentos\2025_05_06_PT\scans_070525\RC1_2_3.tiff (Size: 14.94 MB)
2025-06-22 23:19:30,536 - app.core.image_processor - INFO - Loading image: C:\Users\Pablo\OneDrive - UAM\4 Protonterapia\1 Experimentos\1 Experimentos\2025_05_06_PT\scans_070525\RC1_2_3.tiff, size: 2550x3510
2025-06-22 23:19:30,541 - app.core.image_processor - INFO - Computing integral images for fast statistics
2025-06-22 23:19:30,677 - app.core.image_processor - INFO - Integral images computed successfully
2025-06-22 23:19:30,679 - app.core.image_processor - INFO - Loaded image: C:\Users\Pablo\OneDrive - UAM\4 Protonterapia\1 Experimentos\1 Experimentos\2025_05_06_PT\scans_070525\RC1_2_3.tiff
2025-06-22 23:19:31,512 - app.core.image_processor - INFO - Computing integral images for fast statistics
2025-06-22 23:19:31,674 - app.core.image_processor - INFO - Integral images computed successfully
2025-06-22 23:19:31,677 - app.core.image_processor - INFO - Calibration applied successfully – dose image ready (3-channel float32)
2025-06-22 23:19:31,701 - app.ui.main_window - INFO - Loaded image: C:\Users\Pablo\OneDrive - UAM\4 Protonterapia\1 Experimentos\1 Experimentos\2025_05_06_PT\scans_070525\RC1_2_3.tiff
2025-06-22 23:20:07,095 - app.ui.main_window - INFO - Loading image: C:\Users\Pablo\OneDrive - UAM\4 Protonterapia\1 Experimentos\1 Experimentos\2025_05_06_PT\scans_070525\RC1_2_3.tiff (Size: 14.94 MB)
2025-06-22 23:20:07,224 - app.core.image_processor - INFO - Loading image: C:\Users\Pablo\OneDrive - UAM\4 Protonterapia\1 Experimentos\1 Experimentos\2025_05_06_PT\scans_070525\RC1_2_3.tiff, size: 2550x3510
2025-06-22 23:20:07,236 - app.core.image_processor - INFO - Computing integral images for fast statistics
2025-06-22 23:20:07,385 - app.core.image_processor - INFO - Integral images computed successfully
2025-06-22 23:20:07,386 - app.core.image_processor - INFO - Loaded image: C:\Users\Pablo\OneDrive - UAM\4 Protonterapia\1 Experimentos\1 Experimentos\2025_05_06_PT\scans_070525\RC1_2_3.tiff
2025-06-22 23:20:08,241 - app.core.image_processor - INFO - Computing integral images for fast statistics
2025-06-22 23:20:08,399 - app.core.image_processor - INFO - Integral images computed successfully
2025-06-22 23:20:08,401 - app.core.image_processor - INFO - Calibration applied successfully – dose image ready (3-channel float32)
2025-06-22 23:20:08,424 - app.ui.main_window - INFO - Loaded image: C:\Users\Pablo\OneDrive - UAM\4 Protonterapia\1 Experimentos\1 Experimentos\2025_05_06_PT\scans_070525\RC1_2_3.tiff
2025-06-22 23:20:12,189 - app.ui.main_window - INFO - Loading image: C:\Users\Pablo\OneDrive - UAM\4 Protonterapia\1 Experimentos\1 Experimentos\2025_05_28_Coimbra\Scans_29May\RC_CMAM\4_Ext_CMAM.tiff (Size: 14.69 MB)
2025-06-22 23:20:12,341 - app.core.image_processor - INFO - Loading image: C:\Users\Pablo\OneDrive - UAM\4 Protonterapia\1 Experimentos\1 Experimentos\2025_05_28_Coimbra\Scans_29May\RC_CMAM\4_Ext_CMAM.tiff, size: 2550x3510
2025-06-22 23:20:12,351 - app.core.image_processor - INFO - Computing integral images for fast statistics
2025-06-22 23:20:12,518 - app.core.image_processor - INFO - Integral images computed successfully
2025-06-22 23:20:12,520 - app.core.image_processor - INFO - Loaded image: C:\Users\Pablo\OneDrive - UAM\4 Protonterapia\1 Experimentos\1 Experimentos\2025_05_28_Coimbra\Scans_29May\RC_CMAM\4_Ext_CMAM.tiff
2025-06-22 23:20:13,406 - app.core.image_processor - INFO - Computing integral images for fast statistics
2025-06-22 23:20:13,573 - app.core.image_processor - INFO - Integral images computed successfully
2025-06-22 23:20:13,577 - app.core.image_processor - INFO - Calibration applied successfully – dose image ready (3-channel float32)
2025-06-22 23:20:13,601 - app.ui.main_window - INFO - Loaded image: C:\Users\Pablo\OneDrive - UAM\4 Protonterapia\1 Experimentos\1 Experimentos\2025_05_28_Coimbra\Scans_29May\RC_CMAM\4_Ext_CMAM.tiff
2025-06-22 23:20:19,427 - app.plugins.plugin_manager - INFO - Plugin 'auto_measurements' active=False
2025-06-22 23:20:20,699 - app.plugins.plugin_manager - INFO - Plugin 'auto_measurements' active=True
