2025-06-15 19:23:26,263 - __main__ - INFO - Starting Radiochromic Film Analyzer
2025-06-15 19:23:26,614 - app.rc_analyzer - INFO - Initializing RCAnalyzer application
2025-06-15 19:23:26,618 - app.rc_analyzer - INFO - Cleaned up local temp directory: C:\Users\Pablo\OneDrive - UAM\2 Proyectos\1 Otros\0 Software_propio_utilidades\RC\analizadorrc\temp
2025-06-15 19:23:26,618 - app.rc_analyzer - INFO - Cleaned up log and temporary files
2025-06-15 19:23:26,618 - app.utils.config_manager - INFO - Configuration manager initialized
2025-06-15 19:23:26,625 - app.utils.config_manager - INFO - Configuration loaded from file
2025-06-15 19:23:26,646 - app.core.image_processor - INFO - System info: {'platform': 'Windows', 'processor': 'AMD64 Family 23 Model 113 Stepping 0, AuthenticAMD', 'cpu_count': 12, 'memory_gb': 31.94003677368164, 'python_version': '3.12.0', 'opencv_version': '4.11.0'}
2025-06-15 19:23:26,648 - app.core.image_processor - WARNING - CUDA test matrix creation failed: OpenCV(4.11.0) D:\a\opencv-python\opencv-python\opencv\modules\core\include\opencv2/core/private.cuda.hpp:106: error: (-216:No CUDA support) The library is compiled without CUDA support in function 'throw_no_cuda'

2025-06-15 19:23:26,648 - app.core.image_processor - WARNING - Alternative CUDA test failed: OpenCV(4.11.0) :-1: error: (-5:Bad argument) in function 'createGpuMatFromCudaMemory'
> Overload resolution failed:
>  - createGpuMatFromCudaMemory() missing required argument 'type' (pos 3)
>  - createGpuMatFromCudaMemory() missing required argument 'cudaMemoryAddress' (pos 3)

2025-06-15 19:23:26,773 - app.core.image_processor - INFO - NVIDIA GPU detected: nvidia quadro p600
2025-06-15 19:23:26,773 - app.core.image_processor - INFO - CUDA initialization failed. Setting GPU as available but with warning.
2025-06-15 19:23:26,773 - app.core.image_processor - INFO - To fix CUDA issues, try:
2025-06-15 19:23:26,773 - app.core.image_processor - INFO - 1. Install the latest NVIDIA drivers
2025-06-15 19:23:26,773 - app.core.image_processor - INFO - 2. Install CUDA toolkit compatible with your GPU
2025-06-15 19:23:26,775 - app.core.image_processor - INFO - 3. Use 'Force enable GPU' option in settings
2025-06-15 19:23:26,775 - app.core.image_processor - INFO - GPU acceleration available. Enabled: False
2025-06-15 19:23:26,775 - app.core.image_processor - INFO - Image processor initialized
2025-06-15 19:23:26,782 - app.utils.file_manager - INFO - File manager initialized
2025-06-15 19:23:26,809 - app.plugins.plugin_manager - INFO - Loaded plugin 'auto_measurements'
2025-06-15 19:23:26,823 - app.ui.image_panel - INFO - Image panel initialized
2025-06-15 19:23:26,837 - app.ui.measurement_panel - INFO - Measurement panel initialized
2025-06-15 19:23:26,847 - app.ui.image_settings_panel - INFO - Image settings panel initialized
2025-06-15 19:23:26,861 - app.ui.main_window - INFO - Main window initialized
2025-06-15 19:23:26,861 - app.rc_analyzer - INFO - RCAnalyzer initialization complete
2025-06-15 19:23:30,296 - app.ui.main_window - INFO - Loading image: C:\Users\Pablo\OneDrive - UAM\4 Protonterapia\1 Experimentos\1 Experimentos\2025_05_06_PT\scans_070525\RC14int_14ext.tiff (Size: 14.76 MB)
2025-06-15 19:23:30,463 - app.core.image_processor - INFO - Loading image: C:\Users\Pablo\OneDrive - UAM\4 Protonterapia\1 Experimentos\1 Experimentos\2025_05_06_PT\scans_070525\RC14int_14ext.tiff, size: 2550x3510
2025-06-15 19:23:30,468 - app.core.image_processor - INFO - Computing integral images for fast statistics
2025-06-15 19:23:30,609 - app.core.image_processor - INFO - Integral images computed successfully
2025-06-15 19:23:30,609 - app.core.image_processor - INFO - Loaded image: C:\Users\Pablo\OneDrive - UAM\4 Protonterapia\1 Experimentos\1 Experimentos\2025_05_06_PT\scans_070525\RC14int_14ext.tiff
2025-06-15 19:23:31,495 - app.core.image_processor - INFO - Computing integral images for fast statistics
2025-06-15 19:23:31,672 - app.core.image_processor - INFO - Integral images computed successfully
2025-06-15 19:23:31,676 - app.core.image_processor - INFO - Calibration applied successfully – dose image ready (3-channel float32)
2025-06-15 19:23:31,694 - app.ui.main_window - INFO - Loaded image: C:\Users\Pablo\OneDrive - UAM\4 Protonterapia\1 Experimentos\1 Experimentos\2025_05_06_PT\scans_070525\RC14int_14ext.tiff
2025-06-15 19:25:47,602 - app.core.image_processor - INFO - Computing integral images for fast statistics
2025-06-15 19:25:47,761 - app.core.image_processor - INFO - Integral images computed successfully
2025-06-15 19:25:55,855 - app.plugins.plugin_manager - INFO - Plugin 'auto_measurements' active=False
2025-06-15 19:25:58,647 - app.ui.main_window - INFO - Loading image: C:\Users\Pablo\OneDrive - UAM\4 Protonterapia\1 Experimentos\1 Experimentos\2025_05_06_PT\scans_070525\RC1_2_3.tiff (Size: 14.94 MB)
2025-06-15 19:25:58,795 - app.core.image_processor - INFO - Loading image: C:\Users\Pablo\OneDrive - UAM\4 Protonterapia\1 Experimentos\1 Experimentos\2025_05_06_PT\scans_070525\RC1_2_3.tiff, size: 2550x3510
2025-06-15 19:25:58,802 - app.core.image_processor - INFO - Computing integral images for fast statistics
2025-06-15 19:25:58,973 - app.core.image_processor - INFO - Integral images computed successfully
2025-06-15 19:25:58,975 - app.core.image_processor - INFO - Loaded image: C:\Users\Pablo\OneDrive - UAM\4 Protonterapia\1 Experimentos\1 Experimentos\2025_05_06_PT\scans_070525\RC1_2_3.tiff
2025-06-15 19:25:59,848 - app.core.image_processor - INFO - Computing integral images for fast statistics
2025-06-15 19:26:00,025 - app.core.image_processor - INFO - Integral images computed successfully
2025-06-15 19:26:00,026 - app.core.image_processor - INFO - Calibration applied successfully – dose image ready (3-channel float32)
2025-06-15 19:26:00,044 - app.ui.main_window - INFO - Loaded image: C:\Users\Pablo\OneDrive - UAM\4 Protonterapia\1 Experimentos\1 Experimentos\2025_05_06_PT\scans_070525\RC1_2_3.tiff
2025-06-15 19:26:03,055 - app.core.image_processor - INFO - Computing integral images for fast statistics
2025-06-15 19:26:03,220 - app.core.image_processor - INFO - Integral images computed successfully
2025-06-15 19:26:05,263 - app.core.image_processor - INFO - Computing integral images for fast statistics
2025-06-15 19:26:05,440 - app.core.image_processor - INFO - Integral images computed successfully
2025-06-15 19:26:05,440 - app.core.image_processor - INFO - Calibration applied successfully – dose image ready (3-channel float32)
2025-06-15 19:26:07,195 - app.core.image_processor - INFO - Computing integral images for fast statistics
2025-06-15 19:26:07,358 - app.core.image_processor - INFO - Integral images computed successfully
2025-06-15 19:26:11,907 - app.plugins.plugin_manager - INFO - Plugin 'auto_measurements' active=True
2025-06-15 19:26:38,117 - app.core.image_processor - INFO - Computing integral images for fast statistics
2025-06-15 19:26:38,298 - app.core.image_processor - INFO - Integral images computed successfully
2025-06-15 19:26:38,302 - app.core.image_processor - INFO - Calibration applied successfully – dose image ready (3-channel float32)
