2025-06-23 21:30:53,324 - __main__ - INFO - Starting Radiochromic Film Analyzer
2025-06-23 21:30:53,382 - app.rc_analyzer - INFO - Initializing RCAnalyzer application
2025-06-23 21:30:53,389 - app.rc_analyzer - INFO - Cleaned up local temp directory: C:\Users\Pablo\OneDrive - UAM\2 Proyectos\1 Otros\0 Software_propio_utilidades\RC\analizadorrc\temp
2025-06-23 21:30:53,389 - app.rc_analyzer - INFO - Cleaned up log and temporary files
2025-06-23 21:30:53,389 - app.utils.config_manager - INFO - Configuration manager initialized
2025-06-23 21:30:53,390 - app.utils.config_manager - INFO - Configuration loaded from file
2025-06-23 21:30:53,407 - app.core.image_processor - INFO - System info: {'platform': 'Windows', 'processor': 'AMD64 Family 23 Model 113 Stepping 0, AuthenticAMD', 'cpu_count': 12, 'memory_gb': 31.94003677368164, 'python_version': '3.12.0', 'opencv_version': '4.11.0'}
2025-06-23 21:30:53,407 - app.core.image_processor - WARNING - CUDA not available, skipping GPU initialization
2025-06-23 21:30:53,408 - app.core.image_processor - INFO - Image processor initialized
2025-06-23 21:30:53,408 - app.utils.file_manager - INFO - File manager initialized
2025-06-23 21:30:53,446 - app.plugins.plugin_manager - INFO - Loaded plugin 'auto_measurements'
2025-06-23 21:30:53,461 - app.ui.image_panel - INFO - Image panel initialized
2025-06-23 21:30:53,478 - app.ui.measurement_panel - INFO - Measurement panel initialized
2025-06-23 21:30:53,486 - app.ui.image_settings_panel - INFO - Image settings panel initialized
2025-06-23 21:30:53,686 - app.ui.main_window - INFO - Main window initialized
2025-06-23 21:30:53,686 - app.rc_analyzer - INFO - RCAnalyzer initialization complete
2025-06-23 21:31:05,865 - app.ui.main_window - INFO - Loading image: C:\Users\Pablo\OneDrive - UAM\4 Protonterapia\1 Experimentos\1 Experimentos\2025_05_06_PT\scans_070525\RC1_2_3.tiff (Size: 14.94 MB)
2025-06-23 21:31:06,003 - app.core.image_processor - INFO - Loading image: C:\Users\Pablo\OneDrive - UAM\4 Protonterapia\1 Experimentos\1 Experimentos\2025_05_06_PT\scans_070525\RC1_2_3.tiff, size: 2550x3510
2025-06-23 21:31:06,010 - app.core.image_processor - INFO - Computing integral images for fast statistics
2025-06-23 21:31:06,147 - app.core.image_processor - INFO - Integral images computed successfully
2025-06-23 21:31:06,149 - app.core.image_processor - INFO - Loaded image: C:\Users\Pablo\OneDrive - UAM\4 Protonterapia\1 Experimentos\1 Experimentos\2025_05_06_PT\scans_070525\RC1_2_3.tiff
2025-06-23 21:31:06,995 - app.core.image_processor - INFO - Computing integral images for fast statistics
2025-06-23 21:31:07,153 - app.core.image_processor - INFO - Integral images computed successfully
2025-06-23 21:31:07,153 - app.core.image_processor - INFO - Calibration applied successfully – dose image ready (3-channel float32)
2025-06-23 21:31:07,177 - app.ui.main_window - INFO - Loaded image: C:\Users\Pablo\OneDrive - UAM\4 Protonterapia\1 Experimentos\1 Experimentos\2025_05_06_PT\scans_070525\RC1_2_3.tiff
2025-06-23 21:31:08,952 - root - INFO - Unit Conversion Update initiated.
2025-06-23 21:31:08,952 - root - INFO - Metadata usage enabled.
2025-06-23 21:31:08,952 - root - INFO - No stored resolution found, attempting to detect new.
2025-06-23 21:31:09,424 - root - INFO - Auto-detected resolution from PIL_dpi: 299.999 DPI
2025-06-23 21:31:09,426 - root - INFO - New resolution stored: 300.00 DPI
2025-06-23 21:31:09,427 - root - INFO - Unit Conversion Update complete.

2025-06-23 21:31:09,427 - root - INFO - Unit Conversion Update complete.

2025-06-23 21:31:14,793 - root - INFO - Auto-detected resolution from PIL_dpi: 299.999 DPI
2025-06-23 21:31:22,020 - root - INFO - Auto-detected resolution from PIL_dpi: 299.999 DPI
2025-06-23 21:34:36,627 - app.rc_analyzer - INFO - Saving configuration before exit
2025-06-23 21:34:36,627 - app.utils.config_manager - INFO - Configuration saved to file
2025-06-23 21:34:36,633 - app.rc_analyzer - INFO - Cleaned up local temp directory: C:\Users\Pablo\OneDrive - UAM\2 Proyectos\1 Otros\0 Software_propio_utilidades\RC\analizadorrc\temp
2025-06-23 21:34:36,633 - app.rc_analyzer - INFO - Cleaned up log and temporary files
2025-06-23 21:34:36,728 - __main__ - INFO - Application closed normally
