2025-06-23 03:11:03,290 - __main__ - INFO - Starting Radiochromic Film Analyzer
2025-06-23 03:11:03,346 - app.rc_analyzer - INFO - Initializing RCAnalyzer application
2025-06-23 03:11:03,351 - app.rc_analyzer - INFO - Cleaned up local temp directory: C:\Users\Pablo\OneDrive - UAM\2 Proyectos\1 Otros\0 Software_propio_utilidades\RC\analizadorrc\temp
2025-06-23 03:11:03,351 - app.rc_analyzer - INFO - Cleaned up log and temporary files
2025-06-23 03:11:03,351 - app.utils.config_manager - INFO - Configuration manager initialized
2025-06-23 03:11:03,352 - app.utils.config_manager - INFO - Configuration loaded from file
2025-06-23 03:11:03,369 - app.core.image_processor - INFO - System info: {'platform': 'Windows', 'processor': 'AMD64 Family 23 Model 113 Stepping 0, AuthenticAMD', 'cpu_count': 12, 'memory_gb': 31.94003677368164, 'python_version': '3.12.0', 'opencv_version': '4.11.0'}
2025-06-23 03:11:03,369 - app.core.image_processor - WARNING - CUDA not available, skipping GPU initialization
2025-06-23 03:11:03,370 - app.core.image_processor - INFO - Image processor initialized
2025-06-23 03:11:03,371 - app.utils.file_manager - INFO - File manager initialized
2025-06-23 03:11:03,408 - app.plugins.plugin_manager - INFO - Loaded plugin 'auto_measurements'
2025-06-23 03:11:03,422 - app.ui.image_panel - INFO - Image panel initialized
2025-06-23 03:11:03,443 - app.ui.measurement_panel - INFO - Measurement panel initialized
2025-06-23 03:11:03,450 - app.ui.image_settings_panel - INFO - Image settings panel initialized
2025-06-23 03:11:03,648 - app.ui.main_window - INFO - Main window initialized
2025-06-23 03:11:03,648 - app.rc_analyzer - INFO - RCAnalyzer initialization complete
2025-06-23 03:11:06,926 - app.ui.main_window - INFO - Loading image: C:\Users\Pablo\OneDrive - UAM\4 Protonterapia\1 Experimentos\1 Experimentos\2025_05_06_PT\scans_070525\RC1_2_3.tiff (Size: 14.94 MB)
2025-06-23 03:11:07,060 - app.core.image_processor - INFO - Loading image: C:\Users\Pablo\OneDrive - UAM\4 Protonterapia\1 Experimentos\1 Experimentos\2025_05_06_PT\scans_070525\RC1_2_3.tiff, size: 2550x3510
2025-06-23 03:11:07,067 - app.core.image_processor - INFO - Computing integral images for fast statistics
2025-06-23 03:11:07,198 - app.core.image_processor - INFO - Integral images computed successfully
2025-06-23 03:11:07,200 - app.core.image_processor - INFO - Loaded image: C:\Users\Pablo\OneDrive - UAM\4 Protonterapia\1 Experimentos\1 Experimentos\2025_05_06_PT\scans_070525\RC1_2_3.tiff
2025-06-23 03:11:08,016 - app.core.image_processor - INFO - Computing integral images for fast statistics
2025-06-23 03:11:08,172 - app.core.image_processor - INFO - Integral images computed successfully
2025-06-23 03:11:08,175 - app.core.image_processor - INFO - Calibration applied successfully – dose image ready (3-channel float32)
2025-06-23 03:11:08,199 - app.ui.main_window - INFO - Loaded image: C:\Users\Pablo\OneDrive - UAM\4 Protonterapia\1 Experimentos\1 Experimentos\2025_05_06_PT\scans_070525\RC1_2_3.tiff
2025-06-23 03:11:08,851 - root - INFO - Unit Conversion Update initiated.
2025-06-23 03:11:08,851 - root - INFO - Metadata usage enabled.
2025-06-23 03:11:08,851 - root - INFO - No stored resolution found, attempting to detect new.
2025-06-23 03:11:09,189 - root - INFO - Auto-detected resolution from PIL_dpi: 299.999 DPI
2025-06-23 03:11:09,189 - root - INFO - New resolution stored: 300.00 DPI
2025-06-23 03:11:09,190 - root - INFO - Unit Conversion Update complete.

2025-06-23 03:11:09,190 - root - INFO - Unit Conversion Update complete.

2025-06-23 03:11:09,592 - root - INFO - Unit Conversion Update initiated.
2025-06-23 03:11:09,592 - root - INFO - Metadata usage disabled.
2025-06-23 03:11:09,592 - root - INFO - Stored resolution cleared.
2025-06-23 03:11:09,592 - root - INFO - Unit Conversion Update complete.

2025-06-23 03:11:09,592 - root - INFO - Unit Conversion Update complete.

2025-06-23 03:11:10,074 - root - INFO - Unit Conversion Update initiated.
2025-06-23 03:11:10,074 - root - INFO - Metadata usage enabled.
2025-06-23 03:11:10,074 - root - INFO - No stored resolution found, attempting to detect new.
2025-06-23 03:11:10,350 - root - INFO - Auto-detected resolution from PIL_dpi: 299.999 DPI
2025-06-23 03:11:10,350 - root - INFO - New resolution stored: 300.00 DPI
2025-06-23 03:11:10,353 - root - INFO - Unit Conversion Update complete.

2025-06-23 03:11:10,353 - root - INFO - Unit Conversion Update complete.

2025-06-23 03:11:10,738 - root - INFO - Unit Conversion Update initiated.
2025-06-23 03:11:10,738 - root - INFO - Metadata usage disabled.
2025-06-23 03:11:10,738 - root - INFO - Stored resolution cleared.
2025-06-23 03:11:10,739 - root - INFO - Unit Conversion Update complete.

2025-06-23 03:11:10,739 - root - INFO - Unit Conversion Update complete.

2025-06-23 03:11:12,262 - root - INFO - Unit Conversion Update initiated.
2025-06-23 03:11:12,262 - root - INFO - Metadata usage enabled.
2025-06-23 03:11:12,262 - root - INFO - No stored resolution found, attempting to detect new.
2025-06-23 03:11:12,560 - root - INFO - Auto-detected resolution from PIL_dpi: 299.999 DPI
2025-06-23 03:11:12,560 - root - INFO - New resolution stored: 300.00 DPI
2025-06-23 03:11:12,562 - root - INFO - Unit Conversion Update complete.

2025-06-23 03:11:12,562 - root - INFO - Unit Conversion Update complete.

2025-06-23 03:11:13,075 - root - INFO - Auto-detected resolution from PIL_dpi: 299.999 DPI
2025-06-23 03:11:22,400 - root - INFO - Auto-detected resolution from PIL_dpi: 299.999 DPI
2025-06-23 03:11:25,534 - root - INFO - Unit Conversion Update initiated.
2025-06-23 03:11:25,534 - root - INFO - Metadata usage disabled.
2025-06-23 03:11:25,984 - root - INFO - Stored resolution cleared.
2025-06-23 03:11:25,984 - root - INFO - Unit Conversion Update complete.

2025-06-23 03:11:25,984 - root - INFO - Unit Conversion Update complete.

