2025-06-23 22:45:33,400 - __main__ - INFO - Starting Radiochromic Film Analyzer
2025-06-23 22:45:33,453 - app.rc_analyzer - INFO - Initializing RCAnalyzer application
2025-06-23 22:45:33,458 - app.rc_analyzer - INFO - Cleaned up local temp directory: C:\Users\Pablo\OneDrive - UAM\2 Proyectos\1 Otros\0 Software_propio_utilidades\RC\analizadorrc\temp
2025-06-23 22:45:33,458 - app.rc_analyzer - INFO - Cleaned up log and temporary files
2025-06-23 22:45:33,458 - app.utils.config_manager - INFO - Configuration manager initialized
2025-06-23 22:45:33,458 - app.utils.config_manager - INFO - Configuration loaded from file
2025-06-23 22:45:33,477 - app.core.image_processor - INFO - System info: {'platform': 'Windows', 'processor': 'AMD64 Family 23 Model 113 Stepping 0, AuthenticAMD', 'cpu_count': 12, 'memory_gb': 31.94003677368164, 'python_version': '3.12.0', 'opencv_version': '4.11.0'}
2025-06-23 22:45:33,477 - app.core.image_processor - WARNING - CUDA not available, skipping GPU initialization
2025-06-23 22:45:33,477 - app.core.image_processor - INFO - Image processor initialized
2025-06-23 22:45:33,478 - app.utils.file_manager - INFO - File manager initialized
2025-06-23 22:45:33,583 - app.plugins.plugin_manager - INFO - Loaded plugin 'auto_measurements'
2025-06-23 22:45:33,599 - app.ui.image_panel - INFO - Image panel initialized
2025-06-23 22:45:33,616 - app.ui.measurement_panel - INFO - Measurement panel initialized
2025-06-23 22:45:33,628 - app.ui.image_settings_panel - INFO - Image settings panel initialized
2025-06-23 22:45:34,091 - app.ui.main_window - INFO - Main window initialized
2025-06-23 22:45:34,091 - app.rc_analyzer - INFO - RCAnalyzer initialization complete
2025-06-23 22:45:43,124 - app.rc_analyzer - INFO - Saving configuration before exit
2025-06-23 22:45:43,124 - app.utils.config_manager - INFO - Configuration saved to file
2025-06-23 22:45:43,128 - app.rc_analyzer - INFO - Cleaned up local temp directory: C:\Users\Pablo\OneDrive - UAM\2 Proyectos\1 Otros\0 Software_propio_utilidades\RC\analizadorrc\temp
2025-06-23 22:45:43,130 - app.rc_analyzer - INFO - Cleaned up log and temporary files
2025-06-23 22:45:43,242 - __main__ - INFO - Application closed normally
