2025-06-19 15:33:28,184 - __main__ - INFO - Starting Radiochromic Film Analyzer
2025-06-19 15:33:28,227 - app.rc_analyzer - INFO - Initializing RCAnalyzer application
2025-06-19 15:33:28,233 - app.rc_analyzer - INFO - Cleaned up local temp directory: C:\Users\Pablo\OneDrive - UAM\2 Proyectos\1 Otros\0 Software_propio_utilidades\RC\analizadorrc\temp
2025-06-19 15:33:28,233 - app.rc_analyzer - INFO - Cleaned up log and temporary files
2025-06-19 15:33:28,233 - app.utils.config_manager - INFO - Configuration manager initialized
2025-06-19 15:33:28,234 - app.utils.config_manager - INFO - Configuration loaded from file
2025-06-19 15:33:28,251 - app.core.image_processor - INFO - System info: {'platform': 'Windows', 'processor': 'AMD64 Family 23 Model 113 Stepping 0, AuthenticAMD', 'cpu_count': 12, 'memory_gb': 31.94003677368164, 'python_version': '3.12.0', 'opencv_version': '4.11.0'}
2025-06-19 15:33:28,251 - app.core.image_processor - WARNING - CUDA test matrix creation failed: OpenCV(4.11.0) D:\a\opencv-python\opencv-python\opencv\modules\core\include\opencv2/core/private.cuda.hpp:106: error: (-216:No CUDA support) The library is compiled without CUDA support in function 'throw_no_cuda'

2025-06-19 15:33:28,251 - app.core.image_processor - WARNING - Alternative CUDA test failed: OpenCV(4.11.0) :-1: error: (-5:Bad argument) in function 'createGpuMatFromCudaMemory'
> Overload resolution failed:
>  - createGpuMatFromCudaMemory() missing required argument 'type' (pos 3)
>  - createGpuMatFromCudaMemory() missing required argument 'cudaMemoryAddress' (pos 3)

2025-06-19 15:33:28,342 - app.core.image_processor - INFO - NVIDIA GPU detected: nvidia quadro p600
2025-06-19 15:33:28,343 - app.core.image_processor - INFO - CUDA initialization failed. Setting GPU as available but with warning.
2025-06-19 15:33:28,343 - app.core.image_processor - INFO - To fix CUDA issues, try:
2025-06-19 15:33:28,343 - app.core.image_processor - INFO - 1. Install the latest NVIDIA drivers
2025-06-19 15:33:28,343 - app.core.image_processor - INFO - 2. Install CUDA toolkit compatible with your GPU
2025-06-19 15:33:28,343 - app.core.image_processor - INFO - 3. Use 'Force enable GPU' option in settings
2025-06-19 15:33:28,343 - app.core.image_processor - INFO - GPU acceleration available. Enabled: False
2025-06-19 15:33:28,344 - app.core.image_processor - INFO - Image processor initialized
2025-06-19 15:33:28,344 - app.utils.file_manager - INFO - File manager initialized
2025-06-19 15:33:28,367 - app.plugins.plugin_manager - INFO - Loaded plugin 'auto_measurements'
2025-06-19 15:33:28,381 - app.ui.image_panel - INFO - Image panel initialized
2025-06-19 15:33:28,397 - app.ui.measurement_panel - INFO - Measurement panel initialized
2025-06-19 15:33:28,408 - app.ui.image_settings_panel - INFO - Image settings panel initialized
2025-06-19 15:33:28,428 - app.ui.main_window - INFO - Main window initialized
2025-06-19 15:33:28,428 - app.rc_analyzer - INFO - RCAnalyzer initialization complete
2025-06-19 15:33:32,499 - app.ui.main_window - INFO - Loading image: C:\Users\Pablo\OneDrive - UAM\4 Protonterapia\1 Experimentos\1 Experimentos\2025_05_06_PT\scans_070525\RC1_2_3.tiff (Size: 14.94 MB)
2025-06-19 15:33:32,631 - app.core.image_processor - INFO - Loading image: C:\Users\Pablo\OneDrive - UAM\4 Protonterapia\1 Experimentos\1 Experimentos\2025_05_06_PT\scans_070525\RC1_2_3.tiff, size: 2550x3510
2025-06-19 15:33:32,636 - app.core.image_processor - INFO - Computing integral images for fast statistics
2025-06-19 15:33:32,780 - app.core.image_processor - INFO - Integral images computed successfully
2025-06-19 15:33:32,781 - app.core.image_processor - INFO - Loaded image: C:\Users\Pablo\OneDrive - UAM\4 Protonterapia\1 Experimentos\1 Experimentos\2025_05_06_PT\scans_070525\RC1_2_3.tiff
2025-06-19 15:33:33,772 - app.core.image_processor - INFO - Computing integral images for fast statistics
2025-06-19 15:33:33,978 - app.core.image_processor - INFO - Integral images computed successfully
2025-06-19 15:33:33,980 - app.core.image_processor - INFO - Calibration applied successfully – dose image ready (3-channel float32)
2025-06-19 15:33:34,005 - app.ui.main_window - INFO - Loaded image: C:\Users\Pablo\OneDrive - UAM\4 Protonterapia\1 Experimentos\1 Experimentos\2025_05_06_PT\scans_070525\RC1_2_3.tiff
2025-06-19 15:37:26,181 - app.rc_analyzer - INFO - Saving configuration before exit
2025-06-19 15:37:26,182 - app.utils.config_manager - INFO - Configuration saved to file
2025-06-19 15:37:26,186 - app.rc_analyzer - INFO - Cleaned up local temp directory: C:\Users\Pablo\OneDrive - UAM\2 Proyectos\1 Otros\0 Software_propio_utilidades\RC\analizadorrc\temp
2025-06-19 15:37:26,186 - app.rc_analyzer - INFO - Cleaned up log and temporary files
2025-06-19 15:37:26,266 - __main__ - INFO - Application closed normally
